Build output check failed:
    Regex: 'command[- ]line option .* is valid for .* but not for C\+\+'
    Output line: 'cc1plus: warning: command line option ‘-Wmissing-prototypes’ is valid for C/ObjC but not for C++ [enabled by default]'
Compilation failed:
    source file: '/home/bjy/FaceRecSys/thirdparty/opencv/build/CMakeFiles/CMakeTmp/src.cxx'
    check option: ' -fsigned-char -W -Wall -Werror=return-type -Werror=non-virtual-dtor -Werror=address -Werror=sequence-point -Wformat -Werror=format-security -Wmissing-declarations  -Wmissing-prototypes'
===== BUILD LOG =====
Change Dir: /home/bjy/FaceRecSys/thirdparty/opencv/build/CMakeFiles/CMakeTmp

Run Build Command:"/usr/bin/gmake" "cmTC_6f7ba/fast"
/usr/bin/gmake -f CMakeFiles/cmTC_6f7ba.dir/build.make CMakeFiles/cmTC_6f7ba.dir/build
gmake[1]: Entering directory `/home/bjy/FaceRecSys/thirdparty/opencv/build/CMakeFiles/CMakeTmp'
Building CXX object CMakeFiles/cmTC_6f7ba.dir/src.cxx.o
/usr/bin/c++     -O3 -DNDEBUG -fPIE   -fsigned-char -W -Wall -Werror=return-type -Werror=non-virtual-dtor -Werror=address -Werror=sequence-point -Wformat -Werror=format-security -Wmissing-declarations -Wmissing-prototypes -std=c++11 -o CMakeFiles/cmTC_6f7ba.dir/src.cxx.o -c /home/bjy/FaceRecSys/thirdparty/opencv/build/CMakeFiles/CMakeTmp/src.cxx
cc1plus: warning: command line option ‘-Wmissing-prototypes’ is valid for C/ObjC but not for C++ [enabled by default]
/home/bjy/FaceRecSys/thirdparty/opencv/build/CMakeFiles/CMakeTmp/src.cxx:1:0: warning: ignoring #pragma   [-Wunknown-pragmas]
 #pragma
 ^
Linking CXX executable cmTC_6f7ba
/usr/local/bin/cmake -E cmake_link_script CMakeFiles/cmTC_6f7ba.dir/link.txt --verbose=1
/usr/bin/c++     -O3 -DNDEBUG    CMakeFiles/cmTC_6f7ba.dir/src.cxx.o  -o cmTC_6f7ba 
gmake[1]: Leaving directory `/home/bjy/FaceRecSys/thirdparty/opencv/build/CMakeFiles/CMakeTmp'

===== END =====

Build output check failed:
    Regex: 'command[- ]line option .* is valid for .* but not for C\+\+'
    Output line: 'cc1plus: warning: command line option ‘-Wstrict-prototypes’ is valid for C/ObjC but not for C++ [enabled by default]'
Compilation failed:
    source file: '/home/bjy/FaceRecSys/thirdparty/opencv/build/CMakeFiles/CMakeTmp/src.cxx'
    check option: ' -fsigned-char -W -Wall -Werror=return-type -Werror=non-virtual-dtor -Werror=address -Werror=sequence-point -Wformat -Werror=format-security -Wmissing-declarations  -Wstrict-prototypes'
===== BUILD LOG =====
Change Dir: /home/bjy/FaceRecSys/thirdparty/opencv/build/CMakeFiles/CMakeTmp

Run Build Command:"/usr/bin/gmake" "cmTC_1e8a1/fast"
/usr/bin/gmake -f CMakeFiles/cmTC_1e8a1.dir/build.make CMakeFiles/cmTC_1e8a1.dir/build
gmake[1]: Entering directory `/home/bjy/FaceRecSys/thirdparty/opencv/build/CMakeFiles/CMakeTmp'
Building CXX object CMakeFiles/cmTC_1e8a1.dir/src.cxx.o
/usr/bin/c++     -O3 -DNDEBUG -fPIE   -fsigned-char -W -Wall -Werror=return-type -Werror=non-virtual-dtor -Werror=address -Werror=sequence-point -Wformat -Werror=format-security -Wmissing-declarations -Wstrict-prototypes -std=c++11 -o CMakeFiles/cmTC_1e8a1.dir/src.cxx.o -c /home/bjy/FaceRecSys/thirdparty/opencv/build/CMakeFiles/CMakeTmp/src.cxx
cc1plus: warning: command line option ‘-Wstrict-prototypes’ is valid for C/ObjC but not for C++ [enabled by default]
/home/bjy/FaceRecSys/thirdparty/opencv/build/CMakeFiles/CMakeTmp/src.cxx:1:0: warning: ignoring #pragma   [-Wunknown-pragmas]
 #pragma
 ^
Linking CXX executable cmTC_1e8a1
/usr/local/bin/cmake -E cmake_link_script CMakeFiles/cmTC_1e8a1.dir/link.txt --verbose=1
/usr/bin/c++     -O3 -DNDEBUG    CMakeFiles/cmTC_1e8a1.dir/src.cxx.o  -o cmTC_1e8a1 
gmake[1]: Leaving directory `/home/bjy/FaceRecSys/thirdparty/opencv/build/CMakeFiles/CMakeTmp'

===== END =====

Build output check failed:
    Regex: 'command[- ]line option .* is valid for .* but not for C'
    Output line: 'cc1: warning: command line option ‘-Wsign-promo’ is valid for C++/ObjC++ but not for C [enabled by default]'
Compilation failed:
    source file: '/home/bjy/FaceRecSys/thirdparty/opencv/build/CMakeFiles/CMakeTmp/src.c'
    check option: ' -fsigned-char -W -Wall -Werror=return-type -Werror=non-virtual-dtor -Werror=address -Werror=sequence-point -Wformat -Werror=format-security -Wmissing-declarations -Wmissing-prototypes -Wstrict-prototypes -Wundef -Winit-self -Wpointer-arith  -Wsign-promo'
===== BUILD LOG =====
Change Dir: /home/bjy/FaceRecSys/thirdparty/opencv/build/CMakeFiles/CMakeTmp

Run Build Command:"/usr/bin/gmake" "cmTC_bcca0/fast"
/usr/bin/gmake -f CMakeFiles/cmTC_bcca0.dir/build.make CMakeFiles/cmTC_bcca0.dir/build
gmake[1]: Entering directory `/home/bjy/FaceRecSys/thirdparty/opencv/build/CMakeFiles/CMakeTmp'
Building C object CMakeFiles/cmTC_bcca0.dir/src.c.o
/usr/bin/cc    -O3 -DNDEBUG -fPIE   -fsigned-char -W -Wall -Werror=return-type -Werror=non-virtual-dtor -Werror=address -Werror=sequence-point -Wformat -Werror=format-security -Wmissing-declarations -Wmissing-prototypes -Wstrict-prototypes -Wundef -Winit-self -Wpointer-arith -Wsign-promo -o CMakeFiles/cmTC_bcca0.dir/src.c.o   -c /home/bjy/FaceRecSys/thirdparty/opencv/build/CMakeFiles/CMakeTmp/src.c
cc1: warning: command line option ‘-Wsign-promo’ is valid for C++/ObjC++ but not for C [enabled by default]
/home/bjy/FaceRecSys/thirdparty/opencv/build/CMakeFiles/CMakeTmp/src.c:1:0: warning: ignoring #pragma   [-Wunknown-pragmas]
 #pragma
 ^
Linking C executable cmTC_bcca0
/usr/local/bin/cmake -E cmake_link_script CMakeFiles/cmTC_bcca0.dir/link.txt --verbose=1
/usr/bin/cc    -O3 -DNDEBUG    CMakeFiles/cmTC_bcca0.dir/src.c.o  -o cmTC_bcca0 
gmake[1]: Leaving directory `/home/bjy/FaceRecSys/thirdparty/opencv/build/CMakeFiles/CMakeTmp'

===== END =====

Compilation failed:
    source file: '/home/bjy/FaceRecSys/thirdparty/opencv/build/CMakeFiles/CMakeTmp/src.cxx'
    check option: ' -fsigned-char -W -Wall -Werror=return-type -Werror=non-virtual-dtor -Werror=address -Werror=sequence-point -Wformat -Werror=format-security -Wmissing-declarations -Wundef -Winit-self -Wpointer-arith -Wsign-promo -Wuninitialized -Winit-self  -Wsuggest-override'
===== BUILD LOG =====
Change Dir: /home/bjy/FaceRecSys/thirdparty/opencv/build/CMakeFiles/CMakeTmp

Run Build Command:"/usr/bin/gmake" "cmTC_047a1/fast"
/usr/bin/gmake -f CMakeFiles/cmTC_047a1.dir/build.make CMakeFiles/cmTC_047a1.dir/build
gmake[1]: Entering directory `/home/bjy/FaceRecSys/thirdparty/opencv/build/CMakeFiles/CMakeTmp'
Building CXX object CMakeFiles/cmTC_047a1.dir/src.cxx.o
/usr/bin/c++     -O3 -DNDEBUG -fPIE   -fsigned-char -W -Wall -Werror=return-type -Werror=non-virtual-dtor -Werror=address -Werror=sequence-point -Wformat -Werror=format-security -Wmissing-declarations -Wundef -Winit-self -Wpointer-arith -Wsign-promo -Wuninitialized -Winit-self -Wsuggest-override -std=c++11 -o CMakeFiles/cmTC_047a1.dir/src.cxx.o -c /home/bjy/FaceRecSys/thirdparty/opencv/build/CMakeFiles/CMakeTmp/src.cxx
c++: error: unrecognized command line option ‘-Wsuggest-override’
gmake[1]: *** [CMakeFiles/cmTC_047a1.dir/src.cxx.o] Error 1
gmake[1]: Leaving directory `/home/bjy/FaceRecSys/thirdparty/opencv/build/CMakeFiles/CMakeTmp'
gmake: *** [cmTC_047a1/fast] Error 2

===== END =====

Compilation failed:
    source file: '/home/bjy/FaceRecSys/thirdparty/opencv/build/CMakeFiles/CMakeTmp/src.c'
    check option: ' -fsigned-char -W -Wall -Werror=return-type -Werror=non-virtual-dtor -Werror=address -Werror=sequence-point -Wformat -Werror=format-security -Wmissing-declarations -Wmissing-prototypes -Wstrict-prototypes -Wundef -Winit-self -Wpointer-arith -Wuninitialized -Winit-self  -Wsuggest-override'
===== BUILD LOG =====
Change Dir: /home/bjy/FaceRecSys/thirdparty/opencv/build/CMakeFiles/CMakeTmp

Run Build Command:"/usr/bin/gmake" "cmTC_b002b/fast"
/usr/bin/gmake -f CMakeFiles/cmTC_b002b.dir/build.make CMakeFiles/cmTC_b002b.dir/build
gmake[1]: Entering directory `/home/bjy/FaceRecSys/thirdparty/opencv/build/CMakeFiles/CMakeTmp'
Building C object CMakeFiles/cmTC_b002b.dir/src.c.o
/usr/bin/cc    -O3 -DNDEBUG -fPIE   -fsigned-char -W -Wall -Werror=return-type -Werror=non-virtual-dtor -Werror=address -Werror=sequence-point -Wformat -Werror=format-security -Wmissing-declarations -Wmissing-prototypes -Wstrict-prototypes -Wundef -Winit-self -Wpointer-arith -Wuninitialized -Winit-self -Wsuggest-override -o CMakeFiles/cmTC_b002b.dir/src.c.o   -c /home/bjy/FaceRecSys/thirdparty/opencv/build/CMakeFiles/CMakeTmp/src.c
cc: error: unrecognized command line option ‘-Wsuggest-override’
gmake[1]: *** [CMakeFiles/cmTC_b002b.dir/src.c.o] Error 1
gmake[1]: Leaving directory `/home/bjy/FaceRecSys/thirdparty/opencv/build/CMakeFiles/CMakeTmp'
gmake: *** [cmTC_b002b/fast] Error 2

===== END =====

Build output check failed:
    Regex: 'command[- ]line option .* is valid for .* but not for C'
    Output line: 'cc1: warning: command line option ‘-Wno-delete-non-virtual-dtor’ is valid for C++/ObjC++ but not for C [enabled by default]'
Compilation failed:
    source file: '/home/bjy/FaceRecSys/thirdparty/opencv/build/CMakeFiles/CMakeTmp/src.c'
    check option: ' -fsigned-char -W -Wall -Werror=return-type -Werror=non-virtual-dtor -Werror=address -Werror=sequence-point -Wformat -Werror=format-security -Wmissing-declarations -Wmissing-prototypes -Wstrict-prototypes -Wundef -Winit-self -Wpointer-arith -Wuninitialized -Winit-self  -Wno-delete-non-virtual-dtor'
===== BUILD LOG =====
Change Dir: /home/bjy/FaceRecSys/thirdparty/opencv/build/CMakeFiles/CMakeTmp

Run Build Command:"/usr/bin/gmake" "cmTC_41ffe/fast"
/usr/bin/gmake -f CMakeFiles/cmTC_41ffe.dir/build.make CMakeFiles/cmTC_41ffe.dir/build
gmake[1]: Entering directory `/home/bjy/FaceRecSys/thirdparty/opencv/build/CMakeFiles/CMakeTmp'
Building C object CMakeFiles/cmTC_41ffe.dir/src.c.o
/usr/bin/cc    -O3 -DNDEBUG -fPIE   -fsigned-char -W -Wall -Werror=return-type -Werror=non-virtual-dtor -Werror=address -Werror=sequence-point -Wformat -Werror=format-security -Wmissing-declarations -Wmissing-prototypes -Wstrict-prototypes -Wundef -Winit-self -Wpointer-arith -Wuninitialized -Winit-self -Wno-delete-non-virtual-dtor -o CMakeFiles/cmTC_41ffe.dir/src.c.o   -c /home/bjy/FaceRecSys/thirdparty/opencv/build/CMakeFiles/CMakeTmp/src.c
cc1: warning: command line option ‘-Wno-delete-non-virtual-dtor’ is valid for C++/ObjC++ but not for C [enabled by default]
/home/bjy/FaceRecSys/thirdparty/opencv/build/CMakeFiles/CMakeTmp/src.c:1:0: warning: ignoring #pragma   [-Wunknown-pragmas]
 #pragma
 ^
Linking C executable cmTC_41ffe
/usr/local/bin/cmake -E cmake_link_script CMakeFiles/cmTC_41ffe.dir/link.txt --verbose=1
/usr/bin/cc    -O3 -DNDEBUG    CMakeFiles/cmTC_41ffe.dir/src.c.o  -o cmTC_41ffe 
gmake[1]: Leaving directory `/home/bjy/FaceRecSys/thirdparty/opencv/build/CMakeFiles/CMakeTmp'

===== END =====

Build output check failed:
    Regex: 'unrecognized .*option'
    Output line: 'cc1plus: warning: unrecognized command line option "-Wno-unnamed-type-template-args" [enabled by default]'
Compilation failed:
    source file: '/home/bjy/FaceRecSys/thirdparty/opencv/build/CMakeFiles/CMakeTmp/src.cxx'
    check option: ' -fsigned-char -W -Wall -Werror=return-type -Werror=non-virtual-dtor -Werror=address -Werror=sequence-point -Wformat -Werror=format-security -Wmissing-declarations -Wundef -Winit-self -Wpointer-arith -Wsign-promo -Wuninitialized -Winit-self -Wno-delete-non-virtual-dtor  -Wno-unnamed-type-template-args'
===== BUILD LOG =====
Change Dir: /home/bjy/FaceRecSys/thirdparty/opencv/build/CMakeFiles/CMakeTmp

Run Build Command:"/usr/bin/gmake" "cmTC_6b995/fast"
/usr/bin/gmake -f CMakeFiles/cmTC_6b995.dir/build.make CMakeFiles/cmTC_6b995.dir/build
gmake[1]: Entering directory `/home/bjy/FaceRecSys/thirdparty/opencv/build/CMakeFiles/CMakeTmp'
Building CXX object CMakeFiles/cmTC_6b995.dir/src.cxx.o
/usr/bin/c++     -O3 -DNDEBUG -fPIE   -fsigned-char -W -Wall -Werror=return-type -Werror=non-virtual-dtor -Werror=address -Werror=sequence-point -Wformat -Werror=format-security -Wmissing-declarations -Wundef -Winit-self -Wpointer-arith -Wsign-promo -Wuninitialized -Winit-self -Wno-delete-non-virtual-dtor -Wno-unnamed-type-template-args -std=c++11 -o CMakeFiles/cmTC_6b995.dir/src.cxx.o -c /home/bjy/FaceRecSys/thirdparty/opencv/build/CMakeFiles/CMakeTmp/src.cxx
/home/bjy/FaceRecSys/thirdparty/opencv/build/CMakeFiles/CMakeTmp/src.cxx:1:0: warning: ignoring #pragma   [-Wunknown-pragmas]
 #pragma
 ^
cc1plus: warning: unrecognized command line option "-Wno-unnamed-type-template-args" [enabled by default]
Linking CXX executable cmTC_6b995
/usr/local/bin/cmake -E cmake_link_script CMakeFiles/cmTC_6b995.dir/link.txt --verbose=1
/usr/bin/c++     -O3 -DNDEBUG    CMakeFiles/cmTC_6b995.dir/src.cxx.o  -o cmTC_6b995 
gmake[1]: Leaving directory `/home/bjy/FaceRecSys/thirdparty/opencv/build/CMakeFiles/CMakeTmp'

===== END =====

Build output check failed:
    Regex: 'unrecognized .*option'
    Output line: 'cc1: warning: unrecognized command line option "-Wno-unnamed-type-template-args" [enabled by default]'
Compilation failed:
    source file: '/home/bjy/FaceRecSys/thirdparty/opencv/build/CMakeFiles/CMakeTmp/src.c'
    check option: ' -fsigned-char -W -Wall -Werror=return-type -Werror=non-virtual-dtor -Werror=address -Werror=sequence-point -Wformat -Werror=format-security -Wmissing-declarations -Wmissing-prototypes -Wstrict-prototypes -Wundef -Winit-self -Wpointer-arith -Wuninitialized -Winit-self  -Wno-unnamed-type-template-args'
===== BUILD LOG =====
Change Dir: /home/bjy/FaceRecSys/thirdparty/opencv/build/CMakeFiles/CMakeTmp

Run Build Command:"/usr/bin/gmake" "cmTC_6235e/fast"
/usr/bin/gmake -f CMakeFiles/cmTC_6235e.dir/build.make CMakeFiles/cmTC_6235e.dir/build
gmake[1]: Entering directory `/home/bjy/FaceRecSys/thirdparty/opencv/build/CMakeFiles/CMakeTmp'
Building C object CMakeFiles/cmTC_6235e.dir/src.c.o
/usr/bin/cc    -O3 -DNDEBUG -fPIE   -fsigned-char -W -Wall -Werror=return-type -Werror=non-virtual-dtor -Werror=address -Werror=sequence-point -Wformat -Werror=format-security -Wmissing-declarations -Wmissing-prototypes -Wstrict-prototypes -Wundef -Winit-self -Wpointer-arith -Wuninitialized -Winit-self -Wno-unnamed-type-template-args -o CMakeFiles/cmTC_6235e.dir/src.c.o   -c /home/bjy/FaceRecSys/thirdparty/opencv/build/CMakeFiles/CMakeTmp/src.c
/home/bjy/FaceRecSys/thirdparty/opencv/build/CMakeFiles/CMakeTmp/src.c:1:0: warning: ignoring #pragma   [-Wunknown-pragmas]
 #pragma
 ^
cc1: warning: unrecognized command line option "-Wno-unnamed-type-template-args" [enabled by default]
Linking C executable cmTC_6235e
/usr/local/bin/cmake -E cmake_link_script CMakeFiles/cmTC_6235e.dir/link.txt --verbose=1
/usr/bin/cc    -O3 -DNDEBUG    CMakeFiles/cmTC_6235e.dir/src.c.o  -o cmTC_6235e 
gmake[1]: Leaving directory `/home/bjy/FaceRecSys/thirdparty/opencv/build/CMakeFiles/CMakeTmp'

===== END =====

Build output check failed:
    Regex: 'command[- ]line option .* is valid for .* but not for C'
    Output line: 'cc1: warning: command line option ‘-fvisibility-inlines-hidden’ is valid for C++/ObjC++ but not for C [enabled by default]'
Compilation failed:
    source file: '/home/bjy/FaceRecSys/thirdparty/opencv/build/CMakeFiles/CMakeTmp/src.c'
    check option: ' -fsigned-char -W -Wall -Werror=return-type -Werror=non-virtual-dtor -Werror=address -Werror=sequence-point -Wformat -Werror=format-security -Wmissing-declarations -Wmissing-prototypes -Wstrict-prototypes -Wundef -Winit-self -Wpointer-arith -Wuninitialized -Winit-self -Wno-comment -Wno-missing-field-initializers -fdiagnostics-show-option -Wno-long-long -pthread -fomit-frame-pointer -ffunction-sections -fdata-sections  -msse -msse2 -msse3 -fvisibility=hidden  -fvisibility-inlines-hidden'
===== BUILD LOG =====
Change Dir: /home/bjy/FaceRecSys/thirdparty/opencv/build/CMakeFiles/CMakeTmp

Run Build Command:"/usr/bin/gmake" "cmTC_38a44/fast"
/usr/bin/gmake -f CMakeFiles/cmTC_38a44.dir/build.make CMakeFiles/cmTC_38a44.dir/build
gmake[1]: Entering directory `/home/bjy/FaceRecSys/thirdparty/opencv/build/CMakeFiles/CMakeTmp'
Building C object CMakeFiles/cmTC_38a44.dir/src.c.o
/usr/bin/cc    -O3 -DNDEBUG -fPIE   -fsigned-char -W -Wall -Werror=return-type -Werror=non-virtual-dtor -Werror=address -Werror=sequence-point -Wformat -Werror=format-security -Wmissing-declarations -Wmissing-prototypes -Wstrict-prototypes -Wundef -Winit-self -Wpointer-arith -Wuninitialized -Winit-self -Wno-comment -Wno-missing-field-initializers -fdiagnostics-show-option -Wno-long-long -pthread -fomit-frame-pointer -ffunction-sections -fdata-sections -msse -msse2 -msse3 -fvisibility=hidden -fvisibility-inlines-hidden -o CMakeFiles/cmTC_38a44.dir/src.c.o   -c /home/bjy/FaceRecSys/thirdparty/opencv/build/CMakeFiles/CMakeTmp/src.c
cc1: warning: command line option ‘-fvisibility-inlines-hidden’ is valid for C++/ObjC++ but not for C [enabled by default]
/home/bjy/FaceRecSys/thirdparty/opencv/build/CMakeFiles/CMakeTmp/src.c:1:0: warning: ignoring #pragma   [-Wunknown-pragmas]
 #pragma
 ^
Linking C executable cmTC_38a44
/usr/local/bin/cmake -E cmake_link_script CMakeFiles/cmTC_38a44.dir/link.txt --verbose=1
/usr/bin/cc    -O3 -DNDEBUG    CMakeFiles/cmTC_38a44.dir/src.c.o  -o cmTC_38a44 
gmake[1]: Leaving directory `/home/bjy/FaceRecSys/thirdparty/opencv/build/CMakeFiles/CMakeTmp'

===== END =====

Determining if the _aligned_malloc exist failed with the following output:
Change Dir: /home/bjy/FaceRecSys/thirdparty/opencv/build/CMakeFiles/CMakeTmp

Run Build Command:"/usr/bin/gmake" "cmTC_70fdc/fast"
/usr/bin/gmake -f CMakeFiles/cmTC_70fdc.dir/build.make CMakeFiles/cmTC_70fdc.dir/build
gmake[1]: Entering directory `/home/bjy/FaceRecSys/thirdparty/opencv/build/CMakeFiles/CMakeTmp'
Building C object CMakeFiles/cmTC_70fdc.dir/CheckSymbolExists.c.o
/usr/bin/cc    -fsigned-char -W -Wall -Werror=return-type -Werror=non-virtual-dtor -Werror=address -Werror=sequence-point -Wformat -Werror=format-security -Wmissing-declarations -Wmissing-prototypes -Wstrict-prototypes -Wundef -Winit-self -Wpointer-arith -Wuninitialized -Winit-self -Wno-comment -Wno-missing-field-initializers -fdiagnostics-show-option -Wno-long-long -pthread -fomit-frame-pointer -ffunction-sections -fdata-sections  -msse -msse2 -msse3 -fvisibility=hidden  -O3 -DNDEBUG -fPIE   -o CMakeFiles/cmTC_70fdc.dir/CheckSymbolExists.c.o   -c /home/bjy/FaceRecSys/thirdparty/opencv/build/CMakeFiles/CMakeTmp/CheckSymbolExists.c
/home/bjy/FaceRecSys/thirdparty/opencv/build/CMakeFiles/CMakeTmp/CheckSymbolExists.c: In function ‘main’:
/home/bjy/FaceRecSys/thirdparty/opencv/build/CMakeFiles/CMakeTmp/CheckSymbolExists.c:8:19: error: ‘_aligned_malloc’ undeclared (first use in this function)
   return ((int*)(&_aligned_malloc))[argc];
                   ^
/home/bjy/FaceRecSys/thirdparty/opencv/build/CMakeFiles/CMakeTmp/CheckSymbolExists.c:8:19: note: each undeclared identifier is reported only once for each function it appears in
/home/bjy/FaceRecSys/thirdparty/opencv/build/CMakeFiles/CMakeTmp/CheckSymbolExists.c:4:14: warning: parameter ‘argc’ set but not used [-Wunused-but-set-parameter]
 int main(int argc, char** argv)
              ^
/home/bjy/FaceRecSys/thirdparty/opencv/build/CMakeFiles/CMakeTmp/CheckSymbolExists.c:13:1: error: control reaches end of non-void function [-Werror=return-type]
 }
 ^
cc1: some warnings being treated as errors
gmake[1]: *** [CMakeFiles/cmTC_70fdc.dir/CheckSymbolExists.c.o] Error 1
gmake[1]: Leaving directory `/home/bjy/FaceRecSys/thirdparty/opencv/build/CMakeFiles/CMakeTmp'
gmake: *** [cmTC_70fdc/fast] Error 2

File /home/bjy/FaceRecSys/thirdparty/opencv/build/CMakeFiles/CMakeTmp/CheckSymbolExists.c:
/* */
#include <malloc.h>

int main(int argc, char** argv)
{
  (void)argv;
#ifndef _aligned_malloc
  return ((int*)(&_aligned_malloc))[argc];
#else
  (void)argc;
  return 0;
#endif
}

Build output check failed:
    Regex: 'unrecognized .*option'
    Output line: 'cc1: warning: unrecognized command line option "-Wno-cast-function-type" [enabled by default]'
Compilation failed:
    source file: '/home/bjy/FaceRecSys/thirdparty/opencv/build/CMakeFiles/CMakeTmp/src.c'
    check option: ' -Wno-cast-function-type'
===== BUILD LOG =====
Change Dir: /home/bjy/FaceRecSys/thirdparty/opencv/build/CMakeFiles/CMakeTmp

Run Build Command:"/usr/bin/gmake" "cmTC_93f41/fast"
/usr/bin/gmake -f CMakeFiles/cmTC_93f41.dir/build.make CMakeFiles/cmTC_93f41.dir/build
gmake[1]: Entering directory `/home/bjy/FaceRecSys/thirdparty/opencv/build/CMakeFiles/CMakeTmp'
Building C object CMakeFiles/cmTC_93f41.dir/src.c.o
/usr/bin/cc    -fsigned-char -W -Wall -Werror=return-type -Werror=non-virtual-dtor -Werror=address -Werror=sequence-point -Wformat -Werror=format-security -Wmissing-declarations -Wmissing-prototypes -Winit-self -Wpointer-arith -Wuninitialized -Winit-self -Wno-comment -Wno-missing-field-initializers -fdiagnostics-show-option -Wno-long-long -pthread -fomit-frame-pointer -ffunction-sections -fdata-sections  -msse -msse2 -msse3 -fvisibility=hidden -Wno-undef -Wno-strict-prototypes  -O3 -DNDEBUG -fPIE   -Wno-cast-function-type -o CMakeFiles/cmTC_93f41.dir/src.c.o   -c /home/bjy/FaceRecSys/thirdparty/opencv/build/CMakeFiles/CMakeTmp/src.c
/home/bjy/FaceRecSys/thirdparty/opencv/build/CMakeFiles/CMakeTmp/src.c:1:0: warning: ignoring #pragma   [-Wunknown-pragmas]
 #pragma
 ^
cc1: warning: unrecognized command line option "-Wno-cast-function-type" [enabled by default]
Linking C executable cmTC_93f41
/usr/local/bin/cmake -E cmake_link_script CMakeFiles/cmTC_93f41.dir/link.txt --verbose=1
/usr/bin/cc     -fsigned-char -W -Wall -Werror=return-type -Werror=non-virtual-dtor -Werror=address -Werror=sequence-point -Wformat -Werror=format-security -Wmissing-declarations -Wmissing-prototypes -Winit-self -Wpointer-arith -Wuninitialized -Winit-self -Wno-comment -Wno-missing-field-initializers -fdiagnostics-show-option -Wno-long-long -pthread -fomit-frame-pointer -ffunction-sections -fdata-sections  -msse -msse2 -msse3 -fvisibility=hidden -Wno-undef -Wno-strict-prototypes  -O3 -DNDEBUG    -Wl,--gc-sections -Wl,--as-needed  CMakeFiles/cmTC_93f41.dir/src.c.o  -o cmTC_93f41 
gmake[1]: Leaving directory `/home/bjy/FaceRecSys/thirdparty/opencv/build/CMakeFiles/CMakeTmp'

===== END =====

Determining if the include file /usr/include/libpng/png.h exists failed with the following output:
Change Dir: /home/bjy/FaceRecSys/thirdparty/opencv/build/CMakeFiles/CMakeTmp

Run Build Command:"/usr/bin/gmake" "cmTC_10e8d/fast"
/usr/bin/gmake -f CMakeFiles/cmTC_10e8d.dir/build.make CMakeFiles/cmTC_10e8d.dir/build
gmake[1]: Entering directory `/home/bjy/FaceRecSys/thirdparty/opencv/build/CMakeFiles/CMakeTmp'
Building C object CMakeFiles/cmTC_10e8d.dir/CheckIncludeFile.c.o
/usr/bin/cc    -fsigned-char -W -Wall -Werror=return-type -Werror=non-virtual-dtor -Werror=address -Werror=sequence-point -Wformat -Werror=format-security -Wmissing-declarations -Wmissing-prototypes -Wstrict-prototypes -Wundef -Winit-self -Wpointer-arith -Wuninitialized -Winit-self -Wno-comment -Wno-missing-field-initializers -fdiagnostics-show-option -Wno-long-long -pthread -fomit-frame-pointer -ffunction-sections -fdata-sections  -msse -msse2 -msse3 -fvisibility=hidden  -O3 -DNDEBUG -fPIE   -o CMakeFiles/cmTC_10e8d.dir/CheckIncludeFile.c.o   -c /home/bjy/FaceRecSys/thirdparty/opencv/build/CMakeFiles/CMakeTmp/CheckIncludeFile.c
/home/bjy/FaceRecSys/thirdparty/opencv/build/CMakeFiles/CMakeTmp/CheckIncludeFile.c:1:37: fatal error: /usr/include/libpng/png.h: No such file or directory
 #include </usr/include/libpng/png.h>
                                     ^
compilation terminated.
gmake[1]: *** [CMakeFiles/cmTC_10e8d.dir/CheckIncludeFile.c.o] Error 1
gmake[1]: Leaving directory `/home/bjy/FaceRecSys/thirdparty/opencv/build/CMakeFiles/CMakeTmp'
gmake: *** [cmTC_10e8d/fast] Error 2


Build output check failed:
    Regex: 'command[- ]line option .* is valid for .* but not for C\+\+'
    Output line: 'cc1plus: warning: command line option ‘-Wno-missing-prototypes’ is valid for C/ObjC but not for C++ [enabled by default]'
Compilation failed:
    source file: '/home/bjy/FaceRecSys/thirdparty/opencv/build/CMakeFiles/CMakeTmp/src.cxx'
    check option: ' -Wno-missing-prototypes'
===== BUILD LOG =====
Change Dir: /home/bjy/FaceRecSys/thirdparty/opencv/build/CMakeFiles/CMakeTmp

Run Build Command:"/usr/bin/gmake" "cmTC_33cd0/fast"
/usr/bin/gmake -f CMakeFiles/cmTC_33cd0.dir/build.make CMakeFiles/cmTC_33cd0.dir/build
gmake[1]: Entering directory `/home/bjy/FaceRecSys/thirdparty/opencv/build/CMakeFiles/CMakeTmp'
Building CXX object CMakeFiles/cmTC_33cd0.dir/src.cxx.o
/usr/bin/c++     -fsigned-char -W -Wall -Werror=return-type -Werror=non-virtual-dtor -Werror=address -Werror=sequence-point -Wformat -Werror=format-security -Wmissing-declarations -Wundef -Winit-self -Wpointer-arith -Wsign-promo -Wuninitialized -Winit-self -Wno-delete-non-virtual-dtor -Wno-comment -Wno-missing-field-initializers -fdiagnostics-show-option -Wno-long-long -pthread -fomit-frame-pointer -ffunction-sections -fdata-sections  -msse -msse2 -msse3 -fvisibility=hidden -fvisibility-inlines-hidden -Wno-deprecated  -O3 -DNDEBUG -fPIE   -Wno-missing-prototypes -std=c++11 -o CMakeFiles/cmTC_33cd0.dir/src.cxx.o -c /home/bjy/FaceRecSys/thirdparty/opencv/build/CMakeFiles/CMakeTmp/src.cxx
cc1plus: warning: command line option ‘-Wno-missing-prototypes’ is valid for C/ObjC but not for C++ [enabled by default]
/home/bjy/FaceRecSys/thirdparty/opencv/build/CMakeFiles/CMakeTmp/src.cxx:1:0: warning: ignoring #pragma   [-Wunknown-pragmas]
 #pragma
 ^
Linking CXX executable cmTC_33cd0
/usr/local/bin/cmake -E cmake_link_script CMakeFiles/cmTC_33cd0.dir/link.txt --verbose=1
/usr/bin/c++      -fsigned-char -W -Wall -Werror=return-type -Werror=non-virtual-dtor -Werror=address -Werror=sequence-point -Wformat -Werror=format-security -Wmissing-declarations -Wundef -Winit-self -Wpointer-arith -Wsign-promo -Wuninitialized -Winit-self -Wno-delete-non-virtual-dtor -Wno-comment -Wno-missing-field-initializers -fdiagnostics-show-option -Wno-long-long -pthread -fomit-frame-pointer -ffunction-sections -fdata-sections  -msse -msse2 -msse3 -fvisibility=hidden -fvisibility-inlines-hidden -Wno-deprecated  -O3 -DNDEBUG    -Wl,--gc-sections -Wl,--as-needed  CMakeFiles/cmTC_33cd0.dir/src.cxx.o  -o cmTC_33cd0 
gmake[1]: Leaving directory `/home/bjy/FaceRecSys/thirdparty/opencv/build/CMakeFiles/CMakeTmp'

===== END =====

Build output check failed:
    Regex: 'unrecognized .*option'
    Output line: 'cc1plus: warning: unrecognized command line option "-Wno-tautological-undefined-compare" [enabled by default]'
Compilation failed:
    source file: '/home/bjy/FaceRecSys/thirdparty/opencv/build/CMakeFiles/CMakeTmp/src.cxx'
    check option: ' -Wno-tautological-undefined-compare'
===== BUILD LOG =====
Change Dir: /home/bjy/FaceRecSys/thirdparty/opencv/build/CMakeFiles/CMakeTmp

Run Build Command:"/usr/bin/gmake" "cmTC_9fe45/fast"
/usr/bin/gmake -f CMakeFiles/cmTC_9fe45.dir/build.make CMakeFiles/cmTC_9fe45.dir/build
gmake[1]: Entering directory `/home/bjy/FaceRecSys/thirdparty/opencv/build/CMakeFiles/CMakeTmp'
Building CXX object CMakeFiles/cmTC_9fe45.dir/src.cxx.o
/usr/bin/c++     -fsigned-char -W -Wall -Werror=return-type -Werror=non-virtual-dtor -Werror=address -Werror=sequence-point -Wformat -Werror=format-security -Winit-self -Wpointer-arith -Wuninitialized -Winit-self -Wno-delete-non-virtual-dtor -Wno-comment -Wno-missing-field-initializers -fdiagnostics-show-option -Wno-long-long -pthread -fomit-frame-pointer -ffunction-sections -fdata-sections  -msse -msse2 -msse3 -fvisibility=hidden -fvisibility-inlines-hidden -Wno-deprecated -Wno-missing-declarations -Wno-shadow -Wno-unused-parameter -Wno-unused-local-typedefs -Wno-sign-compare -Wno-sign-promo -Wno-undef  -O3 -DNDEBUG -fPIE   -Wno-tautological-undefined-compare -std=c++11 -o CMakeFiles/cmTC_9fe45.dir/src.cxx.o -c /home/bjy/FaceRecSys/thirdparty/opencv/build/CMakeFiles/CMakeTmp/src.cxx
/home/bjy/FaceRecSys/thirdparty/opencv/build/CMakeFiles/CMakeTmp/src.cxx:1:0: warning: ignoring #pragma   [-Wunknown-pragmas]
 #pragma
 ^
cc1plus: warning: unrecognized command line option "-Wno-tautological-undefined-compare" [enabled by default]
Linking CXX executable cmTC_9fe45
/usr/local/bin/cmake -E cmake_link_script CMakeFiles/cmTC_9fe45.dir/link.txt --verbose=1
/usr/bin/c++      -fsigned-char -W -Wall -Werror=return-type -Werror=non-virtual-dtor -Werror=address -Werror=sequence-point -Wformat -Werror=format-security -Winit-self -Wpointer-arith -Wuninitialized -Winit-self -Wno-delete-non-virtual-dtor -Wno-comment -Wno-missing-field-initializers -fdiagnostics-show-option -Wno-long-long -pthread -fomit-frame-pointer -ffunction-sections -fdata-sections  -msse -msse2 -msse3 -fvisibility=hidden -fvisibility-inlines-hidden -Wno-deprecated -Wno-missing-declarations -Wno-shadow -Wno-unused-parameter -Wno-unused-local-typedefs -Wno-sign-compare -Wno-sign-promo -Wno-undef  -O3 -DNDEBUG    -Wl,--gc-sections -Wl,--as-needed  CMakeFiles/cmTC_9fe45.dir/src.cxx.o  -o cmTC_9fe45 
gmake[1]: Leaving directory `/home/bjy/FaceRecSys/thirdparty/opencv/build/CMakeFiles/CMakeTmp'

===== END =====

Build output check failed:
    Regex: 'unrecognized .*option'
    Output line: 'cc1plus: warning: unrecognized command line option "-Wno-unused-const-variable" [enabled by default]'
Compilation failed:
    source file: '/home/bjy/FaceRecSys/thirdparty/opencv/build/CMakeFiles/CMakeTmp/src.cxx'
    check option: ' -Wno-unused-const-variable'
===== BUILD LOG =====
Change Dir: /home/bjy/FaceRecSys/thirdparty/opencv/build/CMakeFiles/CMakeTmp

Run Build Command:"/usr/bin/gmake" "cmTC_2015d/fast"
/usr/bin/gmake -f CMakeFiles/cmTC_2015d.dir/build.make CMakeFiles/cmTC_2015d.dir/build
gmake[1]: Entering directory `/home/bjy/FaceRecSys/thirdparty/opencv/build/CMakeFiles/CMakeTmp'
Building CXX object CMakeFiles/cmTC_2015d.dir/src.cxx.o
/usr/bin/c++     -fsigned-char -W -Wall -Werror=return-type -Werror=non-virtual-dtor -Werror=address -Werror=sequence-point -Wformat -Werror=format-security -Winit-self -Wpointer-arith -Wuninitialized -Winit-self -Wno-delete-non-virtual-dtor -Wno-comment -Wno-missing-field-initializers -fdiagnostics-show-option -Wno-long-long -pthread -fomit-frame-pointer -ffunction-sections -fdata-sections  -msse -msse2 -msse3 -fvisibility=hidden -fvisibility-inlines-hidden -Wno-deprecated -Wno-missing-declarations -Wno-shadow -Wno-unused-parameter -Wno-unused-local-typedefs -Wno-sign-compare -Wno-sign-promo -Wno-undef -Wno-ignored-qualifiers -Wno-extra -Wno-unused-function  -O3 -DNDEBUG -fPIE   -Wno-unused-const-variable -std=c++11 -o CMakeFiles/cmTC_2015d.dir/src.cxx.o -c /home/bjy/FaceRecSys/thirdparty/opencv/build/CMakeFiles/CMakeTmp/src.cxx
/home/bjy/FaceRecSys/thirdparty/opencv/build/CMakeFiles/CMakeTmp/src.cxx:1:0: warning: ignoring #pragma   [-Wunknown-pragmas]
 #pragma
 ^
cc1plus: warning: unrecognized command line option "-Wno-unused-const-variable" [enabled by default]
Linking CXX executable cmTC_2015d
/usr/local/bin/cmake -E cmake_link_script CMakeFiles/cmTC_2015d.dir/link.txt --verbose=1
/usr/bin/c++      -fsigned-char -W -Wall -Werror=return-type -Werror=non-virtual-dtor -Werror=address -Werror=sequence-point -Wformat -Werror=format-security -Winit-self -Wpointer-arith -Wuninitialized -Winit-self -Wno-delete-non-virtual-dtor -Wno-comment -Wno-missing-field-initializers -fdiagnostics-show-option -Wno-long-long -pthread -fomit-frame-pointer -ffunction-sections -fdata-sections  -msse -msse2 -msse3 -fvisibility=hidden -fvisibility-inlines-hidden -Wno-deprecated -Wno-missing-declarations -Wno-shadow -Wno-unused-parameter -Wno-unused-local-typedefs -Wno-sign-compare -Wno-sign-promo -Wno-undef -Wno-ignored-qualifiers -Wno-extra -Wno-unused-function  -O3 -DNDEBUG    -Wl,--gc-sections -Wl,--as-needed  CMakeFiles/cmTC_2015d.dir/src.cxx.o  -o cmTC_2015d 
gmake[1]: Leaving directory `/home/bjy/FaceRecSys/thirdparty/opencv/build/CMakeFiles/CMakeTmp'

===== END =====

Build output check failed:
    Regex: 'unrecognized .*option'
    Output line: 'cc1plus: warning: unrecognized command line option "-Wno-shorten-64-to-32" [enabled by default]'
Compilation failed:
    source file: '/home/bjy/FaceRecSys/thirdparty/opencv/build/CMakeFiles/CMakeTmp/src.cxx'
    check option: ' -Wno-shorten-64-to-32'
===== BUILD LOG =====
Change Dir: /home/bjy/FaceRecSys/thirdparty/opencv/build/CMakeFiles/CMakeTmp

Run Build Command:"/usr/bin/gmake" "cmTC_d6dd4/fast"
/usr/bin/gmake -f CMakeFiles/cmTC_d6dd4.dir/build.make CMakeFiles/cmTC_d6dd4.dir/build
gmake[1]: Entering directory `/home/bjy/FaceRecSys/thirdparty/opencv/build/CMakeFiles/CMakeTmp'
Building CXX object CMakeFiles/cmTC_d6dd4.dir/src.cxx.o
/usr/bin/c++     -fsigned-char -W -Wall -Werror=return-type -Werror=non-virtual-dtor -Werror=address -Werror=sequence-point -Wformat -Werror=format-security -Winit-self -Wpointer-arith -Wuninitialized -Winit-self -Wno-delete-non-virtual-dtor -Wno-comment -Wno-missing-field-initializers -fdiagnostics-show-option -Wno-long-long -pthread -fomit-frame-pointer -ffunction-sections -fdata-sections  -msse -msse2 -msse3 -fvisibility=hidden -fvisibility-inlines-hidden -Wno-deprecated -Wno-missing-declarations -Wno-shadow -Wno-unused-parameter -Wno-unused-local-typedefs -Wno-sign-compare -Wno-sign-promo -Wno-undef -Wno-ignored-qualifiers -Wno-extra -Wno-unused-function  -O3 -DNDEBUG -fPIE   -Wno-shorten-64-to-32 -std=c++11 -o CMakeFiles/cmTC_d6dd4.dir/src.cxx.o -c /home/bjy/FaceRecSys/thirdparty/opencv/build/CMakeFiles/CMakeTmp/src.cxx
/home/bjy/FaceRecSys/thirdparty/opencv/build/CMakeFiles/CMakeTmp/src.cxx:1:0: warning: ignoring #pragma   [-Wunknown-pragmas]
 #pragma
 ^
cc1plus: warning: unrecognized command line option "-Wno-shorten-64-to-32" [enabled by default]
Linking CXX executable cmTC_d6dd4
/usr/local/bin/cmake -E cmake_link_script CMakeFiles/cmTC_d6dd4.dir/link.txt --verbose=1
/usr/bin/c++      -fsigned-char -W -Wall -Werror=return-type -Werror=non-virtual-dtor -Werror=address -Werror=sequence-point -Wformat -Werror=format-security -Winit-self -Wpointer-arith -Wuninitialized -Winit-self -Wno-delete-non-virtual-dtor -Wno-comment -Wno-missing-field-initializers -fdiagnostics-show-option -Wno-long-long -pthread -fomit-frame-pointer -ffunction-sections -fdata-sections  -msse -msse2 -msse3 -fvisibility=hidden -fvisibility-inlines-hidden -Wno-deprecated -Wno-missing-declarations -Wno-shadow -Wno-unused-parameter -Wno-unused-local-typedefs -Wno-sign-compare -Wno-sign-promo -Wno-undef -Wno-ignored-qualifiers -Wno-extra -Wno-unused-function  -O3 -DNDEBUG    -Wl,--gc-sections -Wl,--as-needed  CMakeFiles/cmTC_d6dd4.dir/src.cxx.o  -o cmTC_d6dd4 
gmake[1]: Leaving directory `/home/bjy/FaceRecSys/thirdparty/opencv/build/CMakeFiles/CMakeTmp'

===== END =====

Build output check failed:
    Regex: 'unrecognized .*option'
    Output line: 'cc1plus: warning: unrecognized command line option "-Wno-enum-compare-switch" [enabled by default]'
Compilation failed:
    source file: '/home/bjy/FaceRecSys/thirdparty/opencv/build/CMakeFiles/CMakeTmp/src.cxx'
    check option: ' -Wno-enum-compare-switch'
===== BUILD LOG =====
Change Dir: /home/bjy/FaceRecSys/thirdparty/opencv/build/CMakeFiles/CMakeTmp

Run Build Command:"/usr/bin/gmake" "cmTC_272f5/fast"
/usr/bin/gmake -f CMakeFiles/cmTC_272f5.dir/build.make CMakeFiles/cmTC_272f5.dir/build
gmake[1]: Entering directory `/home/bjy/FaceRecSys/thirdparty/opencv/build/CMakeFiles/CMakeTmp'
Building CXX object CMakeFiles/cmTC_272f5.dir/src.cxx.o
/usr/bin/c++     -fsigned-char -W -Wall -Werror=return-type -Werror=non-virtual-dtor -Werror=address -Werror=sequence-point -Wformat -Werror=format-security -Winit-self -Wpointer-arith -Wuninitialized -Winit-self -Wno-delete-non-virtual-dtor -Wno-comment -Wno-missing-field-initializers -fdiagnostics-show-option -Wno-long-long -pthread -fomit-frame-pointer -ffunction-sections -fdata-sections  -msse -msse2 -msse3 -fvisibility=hidden -fvisibility-inlines-hidden -Wno-deprecated -Wno-missing-declarations -Wno-shadow -Wno-unused-parameter -Wno-unused-local-typedefs -Wno-sign-compare -Wno-sign-promo -Wno-undef -Wno-ignored-qualifiers -Wno-extra -Wno-unused-function -Wno-invalid-offsetof  -O3 -DNDEBUG -fPIE   -Wno-enum-compare-switch -std=c++11 -o CMakeFiles/cmTC_272f5.dir/src.cxx.o -c /home/bjy/FaceRecSys/thirdparty/opencv/build/CMakeFiles/CMakeTmp/src.cxx
/home/bjy/FaceRecSys/thirdparty/opencv/build/CMakeFiles/CMakeTmp/src.cxx:1:0: warning: ignoring #pragma   [-Wunknown-pragmas]
 #pragma
 ^
cc1plus: warning: unrecognized command line option "-Wno-enum-compare-switch" [enabled by default]
Linking CXX executable cmTC_272f5
/usr/local/bin/cmake -E cmake_link_script CMakeFiles/cmTC_272f5.dir/link.txt --verbose=1
/usr/bin/c++      -fsigned-char -W -Wall -Werror=return-type -Werror=non-virtual-dtor -Werror=address -Werror=sequence-point -Wformat -Werror=format-security -Winit-self -Wpointer-arith -Wuninitialized -Winit-self -Wno-delete-non-virtual-dtor -Wno-comment -Wno-missing-field-initializers -fdiagnostics-show-option -Wno-long-long -pthread -fomit-frame-pointer -ffunction-sections -fdata-sections  -msse -msse2 -msse3 -fvisibility=hidden -fvisibility-inlines-hidden -Wno-deprecated -Wno-missing-declarations -Wno-shadow -Wno-unused-parameter -Wno-unused-local-typedefs -Wno-sign-compare -Wno-sign-promo -Wno-undef -Wno-ignored-qualifiers -Wno-extra -Wno-unused-function -Wno-invalid-offsetof  -O3 -DNDEBUG    -Wl,--gc-sections -Wl,--as-needed  CMakeFiles/cmTC_272f5.dir/src.cxx.o  -o cmTC_272f5 
gmake[1]: Leaving directory `/home/bjy/FaceRecSys/thirdparty/opencv/build/CMakeFiles/CMakeTmp'

===== END =====

Build output check failed:
    Regex: 'unrecognized .*option'
    Output line: 'cc1plus: warning: unrecognized command line option "-Wno-suggest-override" [enabled by default]'
Compilation failed:
    source file: '/home/bjy/FaceRecSys/thirdparty/opencv/build/CMakeFiles/CMakeTmp/src.cxx'
    check option: ' -Wno-suggest-override'
===== BUILD LOG =====
Change Dir: /home/bjy/FaceRecSys/thirdparty/opencv/build/CMakeFiles/CMakeTmp

Run Build Command:"/usr/bin/gmake" "cmTC_0b7df/fast"
/usr/bin/gmake -f CMakeFiles/cmTC_0b7df.dir/build.make CMakeFiles/cmTC_0b7df.dir/build
gmake[1]: Entering directory `/home/bjy/FaceRecSys/thirdparty/opencv/build/CMakeFiles/CMakeTmp'
Building CXX object CMakeFiles/cmTC_0b7df.dir/src.cxx.o
/usr/bin/c++     -fsigned-char -W -Wall -Werror=return-type -Werror=non-virtual-dtor -Werror=address -Werror=sequence-point -Wformat -Werror=format-security -Winit-self -Wpointer-arith -Wuninitialized -Winit-self -Wno-delete-non-virtual-dtor -Wno-comment -Wno-missing-field-initializers -fdiagnostics-show-option -Wno-long-long -pthread -fomit-frame-pointer -ffunction-sections -fdata-sections  -msse -msse2 -msse3 -fvisibility=hidden -fvisibility-inlines-hidden -Wno-deprecated -Wno-missing-declarations -Wno-shadow -Wno-unused-parameter -Wno-unused-local-typedefs -Wno-sign-compare -Wno-sign-promo -Wno-undef -Wno-ignored-qualifiers -Wno-extra -Wno-unused-function -Wno-invalid-offsetof  -O3 -DNDEBUG -fPIE   -Wno-suggest-override -std=c++11 -o CMakeFiles/cmTC_0b7df.dir/src.cxx.o -c /home/bjy/FaceRecSys/thirdparty/opencv/build/CMakeFiles/CMakeTmp/src.cxx
/home/bjy/FaceRecSys/thirdparty/opencv/build/CMakeFiles/CMakeTmp/src.cxx:1:0: warning: ignoring #pragma   [-Wunknown-pragmas]
 #pragma
 ^
cc1plus: warning: unrecognized command line option "-Wno-suggest-override" [enabled by default]
Linking CXX executable cmTC_0b7df
/usr/local/bin/cmake -E cmake_link_script CMakeFiles/cmTC_0b7df.dir/link.txt --verbose=1
/usr/bin/c++      -fsigned-char -W -Wall -Werror=return-type -Werror=non-virtual-dtor -Werror=address -Werror=sequence-point -Wformat -Werror=format-security -Winit-self -Wpointer-arith -Wuninitialized -Winit-self -Wno-delete-non-virtual-dtor -Wno-comment -Wno-missing-field-initializers -fdiagnostics-show-option -Wno-long-long -pthread -fomit-frame-pointer -ffunction-sections -fdata-sections  -msse -msse2 -msse3 -fvisibility=hidden -fvisibility-inlines-hidden -Wno-deprecated -Wno-missing-declarations -Wno-shadow -Wno-unused-parameter -Wno-unused-local-typedefs -Wno-sign-compare -Wno-sign-promo -Wno-undef -Wno-ignored-qualifiers -Wno-extra -Wno-unused-function -Wno-invalid-offsetof  -O3 -DNDEBUG    -Wl,--gc-sections -Wl,--as-needed  CMakeFiles/cmTC_0b7df.dir/src.cxx.o  -o cmTC_0b7df 
gmake[1]: Leaving directory `/home/bjy/FaceRecSys/thirdparty/opencv/build/CMakeFiles/CMakeTmp'

===== END =====

Build output check failed:
    Regex: 'unrecognized .*option'
    Output line: 'cc1plus: warning: unrecognized command line option "-Wno-inconsistent-missing-override" [enabled by default]'
Compilation failed:
    source file: '/home/bjy/FaceRecSys/thirdparty/opencv/build/CMakeFiles/CMakeTmp/src.cxx'
    check option: ' -Wno-inconsistent-missing-override'
===== BUILD LOG =====
Change Dir: /home/bjy/FaceRecSys/thirdparty/opencv/build/CMakeFiles/CMakeTmp

Run Build Command:"/usr/bin/gmake" "cmTC_c3fb2/fast"
/usr/bin/gmake -f CMakeFiles/cmTC_c3fb2.dir/build.make CMakeFiles/cmTC_c3fb2.dir/build
gmake[1]: Entering directory `/home/bjy/FaceRecSys/thirdparty/opencv/build/CMakeFiles/CMakeTmp'
Building CXX object CMakeFiles/cmTC_c3fb2.dir/src.cxx.o
/usr/bin/c++     -fsigned-char -W -Wall -Werror=return-type -Werror=non-virtual-dtor -Werror=address -Werror=sequence-point -Wformat -Werror=format-security -Winit-self -Wpointer-arith -Wuninitialized -Winit-self -Wno-delete-non-virtual-dtor -Wno-comment -Wno-missing-field-initializers -fdiagnostics-show-option -Wno-long-long -pthread -fomit-frame-pointer -ffunction-sections -fdata-sections  -msse -msse2 -msse3 -fvisibility=hidden -fvisibility-inlines-hidden -Wno-deprecated -Wno-missing-declarations -Wno-shadow -Wno-unused-parameter -Wno-unused-local-typedefs -Wno-sign-compare -Wno-sign-promo -Wno-undef -Wno-ignored-qualifiers -Wno-extra -Wno-unused-function -Wno-invalid-offsetof  -O3 -DNDEBUG -fPIE   -Wno-inconsistent-missing-override -std=c++11 -o CMakeFiles/cmTC_c3fb2.dir/src.cxx.o -c /home/bjy/FaceRecSys/thirdparty/opencv/build/CMakeFiles/CMakeTmp/src.cxx
/home/bjy/FaceRecSys/thirdparty/opencv/build/CMakeFiles/CMakeTmp/src.cxx:1:0: warning: ignoring #pragma   [-Wunknown-pragmas]
 #pragma
 ^
cc1plus: warning: unrecognized command line option "-Wno-inconsistent-missing-override" [enabled by default]
Linking CXX executable cmTC_c3fb2
/usr/local/bin/cmake -E cmake_link_script CMakeFiles/cmTC_c3fb2.dir/link.txt --verbose=1
/usr/bin/c++      -fsigned-char -W -Wall -Werror=return-type -Werror=non-virtual-dtor -Werror=address -Werror=sequence-point -Wformat -Werror=format-security -Winit-self -Wpointer-arith -Wuninitialized -Winit-self -Wno-delete-non-virtual-dtor -Wno-comment -Wno-missing-field-initializers -fdiagnostics-show-option -Wno-long-long -pthread -fomit-frame-pointer -ffunction-sections -fdata-sections  -msse -msse2 -msse3 -fvisibility=hidden -fvisibility-inlines-hidden -Wno-deprecated -Wno-missing-declarations -Wno-shadow -Wno-unused-parameter -Wno-unused-local-typedefs -Wno-sign-compare -Wno-sign-promo -Wno-undef -Wno-ignored-qualifiers -Wno-extra -Wno-unused-function -Wno-invalid-offsetof  -O3 -DNDEBUG    -Wl,--gc-sections -Wl,--as-needed  CMakeFiles/cmTC_c3fb2.dir/src.cxx.o  -o cmTC_c3fb2 
gmake[1]: Leaving directory `/home/bjy/FaceRecSys/thirdparty/opencv/build/CMakeFiles/CMakeTmp'

===== END =====

Build output check failed:
    Regex: 'unrecognized .*option'
    Output line: 'cc1plus: warning: unrecognized command line option "-Wno-implicit-fallthrough" [enabled by default]'
Compilation failed:
    source file: '/home/bjy/FaceRecSys/thirdparty/opencv/build/CMakeFiles/CMakeTmp/src.cxx'
    check option: ' -Wno-implicit-fallthrough'
===== BUILD LOG =====
Change Dir: /home/bjy/FaceRecSys/thirdparty/opencv/build/CMakeFiles/CMakeTmp

Run Build Command:"/usr/bin/gmake" "cmTC_c15c6/fast"
/usr/bin/gmake -f CMakeFiles/cmTC_c15c6.dir/build.make CMakeFiles/cmTC_c15c6.dir/build
gmake[1]: Entering directory `/home/bjy/FaceRecSys/thirdparty/opencv/build/CMakeFiles/CMakeTmp'
Building CXX object CMakeFiles/cmTC_c15c6.dir/src.cxx.o
/usr/bin/c++     -fsigned-char -W -Wall -Werror=return-type -Werror=non-virtual-dtor -Werror=address -Werror=sequence-point -Wformat -Werror=format-security -Winit-self -Wpointer-arith -Wuninitialized -Winit-self -Wno-delete-non-virtual-dtor -Wno-comment -Wno-missing-field-initializers -fdiagnostics-show-option -Wno-long-long -pthread -fomit-frame-pointer -ffunction-sections -fdata-sections  -msse -msse2 -msse3 -fvisibility=hidden -fvisibility-inlines-hidden -Wno-deprecated -Wno-missing-declarations -Wno-shadow -Wno-unused-parameter -Wno-unused-local-typedefs -Wno-sign-compare -Wno-sign-promo -Wno-undef -Wno-ignored-qualifiers -Wno-extra -Wno-unused-function -Wno-invalid-offsetof  -O3 -DNDEBUG -fPIE   -Wno-implicit-fallthrough -std=c++11 -o CMakeFiles/cmTC_c15c6.dir/src.cxx.o -c /home/bjy/FaceRecSys/thirdparty/opencv/build/CMakeFiles/CMakeTmp/src.cxx
/home/bjy/FaceRecSys/thirdparty/opencv/build/CMakeFiles/CMakeTmp/src.cxx:1:0: warning: ignoring #pragma   [-Wunknown-pragmas]
 #pragma
 ^
cc1plus: warning: unrecognized command line option "-Wno-implicit-fallthrough" [enabled by default]
Linking CXX executable cmTC_c15c6
/usr/local/bin/cmake -E cmake_link_script CMakeFiles/cmTC_c15c6.dir/link.txt --verbose=1
/usr/bin/c++      -fsigned-char -W -Wall -Werror=return-type -Werror=non-virtual-dtor -Werror=address -Werror=sequence-point -Wformat -Werror=format-security -Winit-self -Wpointer-arith -Wuninitialized -Winit-self -Wno-delete-non-virtual-dtor -Wno-comment -Wno-missing-field-initializers -fdiagnostics-show-option -Wno-long-long -pthread -fomit-frame-pointer -ffunction-sections -fdata-sections  -msse -msse2 -msse3 -fvisibility=hidden -fvisibility-inlines-hidden -Wno-deprecated -Wno-missing-declarations -Wno-shadow -Wno-unused-parameter -Wno-unused-local-typedefs -Wno-sign-compare -Wno-sign-promo -Wno-undef -Wno-ignored-qualifiers -Wno-extra -Wno-unused-function -Wno-invalid-offsetof  -O3 -DNDEBUG    -Wl,--gc-sections -Wl,--as-needed  CMakeFiles/cmTC_c15c6.dir/src.cxx.o  -o cmTC_c15c6 
gmake[1]: Leaving directory `/home/bjy/FaceRecSys/thirdparty/opencv/build/CMakeFiles/CMakeTmp'

===== END =====

Build output check failed:
    Regex: 'unrecognized .*option'
    Output line: 'cc1: warning: unrecognized command line option "-Wno-implicit-fallthrough" [enabled by default]'
Compilation failed:
    source file: '/home/bjy/FaceRecSys/thirdparty/opencv/build/CMakeFiles/CMakeTmp/src.c'
    check option: ' -Wno-implicit-fallthrough'
===== BUILD LOG =====
Change Dir: /home/bjy/FaceRecSys/thirdparty/opencv/build/CMakeFiles/CMakeTmp

Run Build Command:"/usr/bin/gmake" "cmTC_41dae/fast"
/usr/bin/gmake -f CMakeFiles/cmTC_41dae.dir/build.make CMakeFiles/cmTC_41dae.dir/build
gmake[1]: Entering directory `/home/bjy/FaceRecSys/thirdparty/opencv/build/CMakeFiles/CMakeTmp'
Building C object CMakeFiles/cmTC_41dae.dir/src.c.o
/usr/bin/cc    -fsigned-char -W -Wall -Werror=return-type -Werror=non-virtual-dtor -Werror=address -Werror=sequence-point -Wformat -Werror=format-security -Wmissing-declarations -Wmissing-prototypes -Wstrict-prototypes -Wundef -Winit-self -Wpointer-arith -Wuninitialized -Winit-self -Wno-comment -Wno-missing-field-initializers -fdiagnostics-show-option -Wno-long-long -pthread -fomit-frame-pointer -ffunction-sections -fdata-sections  -msse -msse2 -msse3 -fvisibility=hidden  -O3 -DNDEBUG -fPIE   -Wno-implicit-fallthrough -o CMakeFiles/cmTC_41dae.dir/src.c.o   -c /home/bjy/FaceRecSys/thirdparty/opencv/build/CMakeFiles/CMakeTmp/src.c
/home/bjy/FaceRecSys/thirdparty/opencv/build/CMakeFiles/CMakeTmp/src.c:1:0: warning: ignoring #pragma   [-Wunknown-pragmas]
 #pragma
 ^
cc1: warning: unrecognized command line option "-Wno-implicit-fallthrough" [enabled by default]
Linking C executable cmTC_41dae
/usr/local/bin/cmake -E cmake_link_script CMakeFiles/cmTC_41dae.dir/link.txt --verbose=1
/usr/bin/cc     -fsigned-char -W -Wall -Werror=return-type -Werror=non-virtual-dtor -Werror=address -Werror=sequence-point -Wformat -Werror=format-security -Wmissing-declarations -Wmissing-prototypes -Wstrict-prototypes -Wundef -Winit-self -Wpointer-arith -Wuninitialized -Winit-self -Wno-comment -Wno-missing-field-initializers -fdiagnostics-show-option -Wno-long-long -pthread -fomit-frame-pointer -ffunction-sections -fdata-sections  -msse -msse2 -msse3 -fvisibility=hidden  -O3 -DNDEBUG    -Wl,--gc-sections -Wl,--as-needed  CMakeFiles/cmTC_41dae.dir/src.c.o  -o cmTC_41dae 
gmake[1]: Leaving directory `/home/bjy/FaceRecSys/thirdparty/opencv/build/CMakeFiles/CMakeTmp'

===== END =====

Determining if the include file sys/videoio.h exists failed with the following output:
Change Dir: /home/bjy/FaceRecSys/thirdparty/opencv/build/CMakeFiles/CMakeTmp

Run Build Command:"/usr/bin/gmake" "cmTC_7554c/fast"
/usr/bin/gmake -f CMakeFiles/cmTC_7554c.dir/build.make CMakeFiles/cmTC_7554c.dir/build
gmake[1]: Entering directory `/home/bjy/FaceRecSys/thirdparty/opencv/build/CMakeFiles/CMakeTmp'
Building C object CMakeFiles/cmTC_7554c.dir/CheckIncludeFile.c.o
/usr/bin/cc    -fsigned-char -W -Wall -Werror=return-type -Werror=non-virtual-dtor -Werror=address -Werror=sequence-point -Wformat -Werror=format-security -Wmissing-declarations -Wmissing-prototypes -Wstrict-prototypes -Wundef -Winit-self -Wpointer-arith -Wuninitialized -Winit-self -Wno-comment -Wno-missing-field-initializers -fdiagnostics-show-option -Wno-long-long -pthread -fomit-frame-pointer -ffunction-sections -fdata-sections  -msse -msse2 -msse3 -fvisibility=hidden  -O3 -DNDEBUG -fPIE   -o CMakeFiles/cmTC_7554c.dir/CheckIncludeFile.c.o   -c /home/bjy/FaceRecSys/thirdparty/opencv/build/CMakeFiles/CMakeTmp/CheckIncludeFile.c
/home/bjy/FaceRecSys/thirdparty/opencv/build/CMakeFiles/CMakeTmp/CheckIncludeFile.c:1:25: fatal error: sys/videoio.h: No such file or directory
 #include <sys/videoio.h>
                         ^
compilation terminated.
gmake[1]: *** [CMakeFiles/cmTC_7554c.dir/CheckIncludeFile.c.o] Error 1
gmake[1]: Leaving directory `/home/bjy/FaceRecSys/thirdparty/opencv/build/CMakeFiles/CMakeTmp'
gmake: *** [cmTC_7554c/fast] Error 2


Build output check failed:
    Regex: 'command[- ]line option .* is valid for .* but not for C\+\+'
    Output line: 'cc1plus: warning: command line option ‘-Wmissing-prototypes’ is valid for C/ObjC but not for C++ [enabled by default]'
Compilation failed:
    source file: '/home/bjy/FaceRecSys/thirdparty/opencv/build/CMakeFiles/CMakeTmp/src.cxx'
    check option: ' -fsigned-char -W -Wall -Werror=return-type -Werror=non-virtual-dtor -Werror=address -Werror=sequence-point -Wformat -Werror=format-security -Wmissing-declarations  -Wmissing-prototypes'
===== BUILD LOG =====
Change Dir: /home/bjy/FaceRecSys/thirdparty/opencv/build/CMakeFiles/CMakeTmp

Run Build Command:"/usr/bin/gmake" "cmTC_e8eb8/fast"
/usr/bin/gmake -f CMakeFiles/cmTC_e8eb8.dir/build.make CMakeFiles/cmTC_e8eb8.dir/build
gmake[1]: Entering directory `/home/bjy/FaceRecSys/thirdparty/opencv/build/CMakeFiles/CMakeTmp'
Building CXX object CMakeFiles/cmTC_e8eb8.dir/src.cxx.o
/usr/bin/c++     -O3 -DNDEBUG -fPIE   -fsigned-char -W -Wall -Werror=return-type -Werror=non-virtual-dtor -Werror=address -Werror=sequence-point -Wformat -Werror=format-security -Wmissing-declarations -Wmissing-prototypes -std=c++11 -o CMakeFiles/cmTC_e8eb8.dir/src.cxx.o -c /home/bjy/FaceRecSys/thirdparty/opencv/build/CMakeFiles/CMakeTmp/src.cxx
cc1plus: warning: command line option ‘-Wmissing-prototypes’ is valid for C/ObjC but not for C++ [enabled by default]
/home/bjy/FaceRecSys/thirdparty/opencv/build/CMakeFiles/CMakeTmp/src.cxx:1:0: warning: ignoring #pragma   [-Wunknown-pragmas]
 #pragma
 ^
Linking CXX executable cmTC_e8eb8
/usr/local/bin/cmake -E cmake_link_script CMakeFiles/cmTC_e8eb8.dir/link.txt --verbose=1
/usr/bin/c++     -O3 -DNDEBUG    CMakeFiles/cmTC_e8eb8.dir/src.cxx.o  -o cmTC_e8eb8 
gmake[1]: Leaving directory `/home/bjy/FaceRecSys/thirdparty/opencv/build/CMakeFiles/CMakeTmp'

===== END =====

Build output check failed:
    Regex: 'command[- ]line option .* is valid for .* but not for C\+\+'
    Output line: 'cc1plus: warning: command line option ‘-Wstrict-prototypes’ is valid for C/ObjC but not for C++ [enabled by default]'
Compilation failed:
    source file: '/home/bjy/FaceRecSys/thirdparty/opencv/build/CMakeFiles/CMakeTmp/src.cxx'
    check option: ' -fsigned-char -W -Wall -Werror=return-type -Werror=non-virtual-dtor -Werror=address -Werror=sequence-point -Wformat -Werror=format-security -Wmissing-declarations  -Wstrict-prototypes'
===== BUILD LOG =====
Change Dir: /home/bjy/FaceRecSys/thirdparty/opencv/build/CMakeFiles/CMakeTmp

Run Build Command:"/usr/bin/gmake" "cmTC_8699e/fast"
/usr/bin/gmake -f CMakeFiles/cmTC_8699e.dir/build.make CMakeFiles/cmTC_8699e.dir/build
gmake[1]: Entering directory `/home/bjy/FaceRecSys/thirdparty/opencv/build/CMakeFiles/CMakeTmp'
Building CXX object CMakeFiles/cmTC_8699e.dir/src.cxx.o
/usr/bin/c++     -O3 -DNDEBUG -fPIE   -fsigned-char -W -Wall -Werror=return-type -Werror=non-virtual-dtor -Werror=address -Werror=sequence-point -Wformat -Werror=format-security -Wmissing-declarations -Wstrict-prototypes -std=c++11 -o CMakeFiles/cmTC_8699e.dir/src.cxx.o -c /home/bjy/FaceRecSys/thirdparty/opencv/build/CMakeFiles/CMakeTmp/src.cxx
cc1plus: warning: command line option ‘-Wstrict-prototypes’ is valid for C/ObjC but not for C++ [enabled by default]
/home/bjy/FaceRecSys/thirdparty/opencv/build/CMakeFiles/CMakeTmp/src.cxx:1:0: warning: ignoring #pragma   [-Wunknown-pragmas]
 #pragma
 ^
Linking CXX executable cmTC_8699e
/usr/local/bin/cmake -E cmake_link_script CMakeFiles/cmTC_8699e.dir/link.txt --verbose=1
/usr/bin/c++     -O3 -DNDEBUG    CMakeFiles/cmTC_8699e.dir/src.cxx.o  -o cmTC_8699e 
gmake[1]: Leaving directory `/home/bjy/FaceRecSys/thirdparty/opencv/build/CMakeFiles/CMakeTmp'

===== END =====

Build output check failed:
    Regex: 'command[- ]line option .* is valid for .* but not for C'
    Output line: 'cc1: warning: command line option ‘-Wsign-promo’ is valid for C++/ObjC++ but not for C [enabled by default]'
Compilation failed:
    source file: '/home/bjy/FaceRecSys/thirdparty/opencv/build/CMakeFiles/CMakeTmp/src.c'
    check option: ' -fsigned-char -W -Wall -Werror=return-type -Werror=non-virtual-dtor -Werror=address -Werror=sequence-point -Wformat -Werror=format-security -Wmissing-declarations -Wmissing-prototypes -Wstrict-prototypes -Wundef -Winit-self -Wpointer-arith  -Wsign-promo'
===== BUILD LOG =====
Change Dir: /home/bjy/FaceRecSys/thirdparty/opencv/build/CMakeFiles/CMakeTmp

Run Build Command:"/usr/bin/gmake" "cmTC_833cf/fast"
/usr/bin/gmake -f CMakeFiles/cmTC_833cf.dir/build.make CMakeFiles/cmTC_833cf.dir/build
gmake[1]: Entering directory `/home/bjy/FaceRecSys/thirdparty/opencv/build/CMakeFiles/CMakeTmp'
Building C object CMakeFiles/cmTC_833cf.dir/src.c.o
/usr/bin/cc    -O3 -DNDEBUG -fPIE   -fsigned-char -W -Wall -Werror=return-type -Werror=non-virtual-dtor -Werror=address -Werror=sequence-point -Wformat -Werror=format-security -Wmissing-declarations -Wmissing-prototypes -Wstrict-prototypes -Wundef -Winit-self -Wpointer-arith -Wsign-promo -o CMakeFiles/cmTC_833cf.dir/src.c.o   -c /home/bjy/FaceRecSys/thirdparty/opencv/build/CMakeFiles/CMakeTmp/src.c
cc1: warning: command line option ‘-Wsign-promo’ is valid for C++/ObjC++ but not for C [enabled by default]
/home/bjy/FaceRecSys/thirdparty/opencv/build/CMakeFiles/CMakeTmp/src.c:1:0: warning: ignoring #pragma   [-Wunknown-pragmas]
 #pragma
 ^
Linking C executable cmTC_833cf
/usr/local/bin/cmake -E cmake_link_script CMakeFiles/cmTC_833cf.dir/link.txt --verbose=1
/usr/bin/cc    -O3 -DNDEBUG    CMakeFiles/cmTC_833cf.dir/src.c.o  -o cmTC_833cf 
gmake[1]: Leaving directory `/home/bjy/FaceRecSys/thirdparty/opencv/build/CMakeFiles/CMakeTmp'

===== END =====

Compilation failed:
    source file: '/home/bjy/FaceRecSys/thirdparty/opencv/build/CMakeFiles/CMakeTmp/src.cxx'
    check option: ' -fsigned-char -W -Wall -Werror=return-type -Werror=non-virtual-dtor -Werror=address -Werror=sequence-point -Wformat -Werror=format-security -Wmissing-declarations -Wundef -Winit-self -Wpointer-arith -Wsign-promo -Wuninitialized -Winit-self  -Wsuggest-override'
===== BUILD LOG =====
Change Dir: /home/bjy/FaceRecSys/thirdparty/opencv/build/CMakeFiles/CMakeTmp

Run Build Command:"/usr/bin/gmake" "cmTC_f4b4a/fast"
/usr/bin/gmake -f CMakeFiles/cmTC_f4b4a.dir/build.make CMakeFiles/cmTC_f4b4a.dir/build
gmake[1]: Entering directory `/home/bjy/FaceRecSys/thirdparty/opencv/build/CMakeFiles/CMakeTmp'
Building CXX object CMakeFiles/cmTC_f4b4a.dir/src.cxx.o
/usr/bin/c++     -O3 -DNDEBUG -fPIE   -fsigned-char -W -Wall -Werror=return-type -Werror=non-virtual-dtor -Werror=address -Werror=sequence-point -Wformat -Werror=format-security -Wmissing-declarations -Wundef -Winit-self -Wpointer-arith -Wsign-promo -Wuninitialized -Winit-self -Wsuggest-override -std=c++11 -o CMakeFiles/cmTC_f4b4a.dir/src.cxx.o -c /home/bjy/FaceRecSys/thirdparty/opencv/build/CMakeFiles/CMakeTmp/src.cxx
c++: error: unrecognized command line option ‘-Wsuggest-override’
gmake[1]: *** [CMakeFiles/cmTC_f4b4a.dir/src.cxx.o] Error 1
gmake[1]: Leaving directory `/home/bjy/FaceRecSys/thirdparty/opencv/build/CMakeFiles/CMakeTmp'
gmake: *** [cmTC_f4b4a/fast] Error 2

===== END =====

Compilation failed:
    source file: '/home/bjy/FaceRecSys/thirdparty/opencv/build/CMakeFiles/CMakeTmp/src.c'
    check option: ' -fsigned-char -W -Wall -Werror=return-type -Werror=non-virtual-dtor -Werror=address -Werror=sequence-point -Wformat -Werror=format-security -Wmissing-declarations -Wmissing-prototypes -Wstrict-prototypes -Wundef -Winit-self -Wpointer-arith -Wuninitialized -Winit-self  -Wsuggest-override'
===== BUILD LOG =====
Change Dir: /home/bjy/FaceRecSys/thirdparty/opencv/build/CMakeFiles/CMakeTmp

Run Build Command:"/usr/bin/gmake" "cmTC_0e8c7/fast"
/usr/bin/gmake -f CMakeFiles/cmTC_0e8c7.dir/build.make CMakeFiles/cmTC_0e8c7.dir/build
gmake[1]: Entering directory `/home/bjy/FaceRecSys/thirdparty/opencv/build/CMakeFiles/CMakeTmp'
Building C object CMakeFiles/cmTC_0e8c7.dir/src.c.o
/usr/bin/cc    -O3 -DNDEBUG -fPIE   -fsigned-char -W -Wall -Werror=return-type -Werror=non-virtual-dtor -Werror=address -Werror=sequence-point -Wformat -Werror=format-security -Wmissing-declarations -Wmissing-prototypes -Wstrict-prototypes -Wundef -Winit-self -Wpointer-arith -Wuninitialized -Winit-self -Wsuggest-override -o CMakeFiles/cmTC_0e8c7.dir/src.c.o   -c /home/bjy/FaceRecSys/thirdparty/opencv/build/CMakeFiles/CMakeTmp/src.c
cc: error: unrecognized command line option ‘-Wsuggest-override’
gmake[1]: *** [CMakeFiles/cmTC_0e8c7.dir/src.c.o] Error 1
gmake[1]: Leaving directory `/home/bjy/FaceRecSys/thirdparty/opencv/build/CMakeFiles/CMakeTmp'
gmake: *** [cmTC_0e8c7/fast] Error 2

===== END =====

Build output check failed:
    Regex: 'command[- ]line option .* is valid for .* but not for C'
    Output line: 'cc1: warning: command line option ‘-Wno-delete-non-virtual-dtor’ is valid for C++/ObjC++ but not for C [enabled by default]'
Compilation failed:
    source file: '/home/bjy/FaceRecSys/thirdparty/opencv/build/CMakeFiles/CMakeTmp/src.c'
    check option: ' -fsigned-char -W -Wall -Werror=return-type -Werror=non-virtual-dtor -Werror=address -Werror=sequence-point -Wformat -Werror=format-security -Wmissing-declarations -Wmissing-prototypes -Wstrict-prototypes -Wundef -Winit-self -Wpointer-arith -Wuninitialized -Winit-self  -Wno-delete-non-virtual-dtor'
===== BUILD LOG =====
Change Dir: /home/bjy/FaceRecSys/thirdparty/opencv/build/CMakeFiles/CMakeTmp

Run Build Command:"/usr/bin/gmake" "cmTC_1a50d/fast"
/usr/bin/gmake -f CMakeFiles/cmTC_1a50d.dir/build.make CMakeFiles/cmTC_1a50d.dir/build
gmake[1]: Entering directory `/home/bjy/FaceRecSys/thirdparty/opencv/build/CMakeFiles/CMakeTmp'
Building C object CMakeFiles/cmTC_1a50d.dir/src.c.o
/usr/bin/cc    -O3 -DNDEBUG -fPIE   -fsigned-char -W -Wall -Werror=return-type -Werror=non-virtual-dtor -Werror=address -Werror=sequence-point -Wformat -Werror=format-security -Wmissing-declarations -Wmissing-prototypes -Wstrict-prototypes -Wundef -Winit-self -Wpointer-arith -Wuninitialized -Winit-self -Wno-delete-non-virtual-dtor -o CMakeFiles/cmTC_1a50d.dir/src.c.o   -c /home/bjy/FaceRecSys/thirdparty/opencv/build/CMakeFiles/CMakeTmp/src.c
cc1: warning: command line option ‘-Wno-delete-non-virtual-dtor’ is valid for C++/ObjC++ but not for C [enabled by default]
/home/bjy/FaceRecSys/thirdparty/opencv/build/CMakeFiles/CMakeTmp/src.c:1:0: warning: ignoring #pragma   [-Wunknown-pragmas]
 #pragma
 ^
Linking C executable cmTC_1a50d
/usr/local/bin/cmake -E cmake_link_script CMakeFiles/cmTC_1a50d.dir/link.txt --verbose=1
/usr/bin/cc    -O3 -DNDEBUG    CMakeFiles/cmTC_1a50d.dir/src.c.o  -o cmTC_1a50d 
gmake[1]: Leaving directory `/home/bjy/FaceRecSys/thirdparty/opencv/build/CMakeFiles/CMakeTmp'

===== END =====

Build output check failed:
    Regex: 'unrecognized .*option'
    Output line: 'cc1plus: warning: unrecognized command line option "-Wno-unnamed-type-template-args" [enabled by default]'
Compilation failed:
    source file: '/home/bjy/FaceRecSys/thirdparty/opencv/build/CMakeFiles/CMakeTmp/src.cxx'
    check option: ' -fsigned-char -W -Wall -Werror=return-type -Werror=non-virtual-dtor -Werror=address -Werror=sequence-point -Wformat -Werror=format-security -Wmissing-declarations -Wundef -Winit-self -Wpointer-arith -Wsign-promo -Wuninitialized -Winit-self -Wno-delete-non-virtual-dtor  -Wno-unnamed-type-template-args'
===== BUILD LOG =====
Change Dir: /home/bjy/FaceRecSys/thirdparty/opencv/build/CMakeFiles/CMakeTmp

Run Build Command:"/usr/bin/gmake" "cmTC_07a50/fast"
/usr/bin/gmake -f CMakeFiles/cmTC_07a50.dir/build.make CMakeFiles/cmTC_07a50.dir/build
gmake[1]: Entering directory `/home/bjy/FaceRecSys/thirdparty/opencv/build/CMakeFiles/CMakeTmp'
Building CXX object CMakeFiles/cmTC_07a50.dir/src.cxx.o
/usr/bin/c++     -O3 -DNDEBUG -fPIE   -fsigned-char -W -Wall -Werror=return-type -Werror=non-virtual-dtor -Werror=address -Werror=sequence-point -Wformat -Werror=format-security -Wmissing-declarations -Wundef -Winit-self -Wpointer-arith -Wsign-promo -Wuninitialized -Winit-self -Wno-delete-non-virtual-dtor -Wno-unnamed-type-template-args -std=c++11 -o CMakeFiles/cmTC_07a50.dir/src.cxx.o -c /home/bjy/FaceRecSys/thirdparty/opencv/build/CMakeFiles/CMakeTmp/src.cxx
/home/bjy/FaceRecSys/thirdparty/opencv/build/CMakeFiles/CMakeTmp/src.cxx:1:0: warning: ignoring #pragma   [-Wunknown-pragmas]
 #pragma
 ^
cc1plus: warning: unrecognized command line option "-Wno-unnamed-type-template-args" [enabled by default]
Linking CXX executable cmTC_07a50
/usr/local/bin/cmake -E cmake_link_script CMakeFiles/cmTC_07a50.dir/link.txt --verbose=1
/usr/bin/c++     -O3 -DNDEBUG    CMakeFiles/cmTC_07a50.dir/src.cxx.o  -o cmTC_07a50 
gmake[1]: Leaving directory `/home/bjy/FaceRecSys/thirdparty/opencv/build/CMakeFiles/CMakeTmp'

===== END =====

Build output check failed:
    Regex: 'unrecognized .*option'
    Output line: 'cc1: warning: unrecognized command line option "-Wno-unnamed-type-template-args" [enabled by default]'
Compilation failed:
    source file: '/home/bjy/FaceRecSys/thirdparty/opencv/build/CMakeFiles/CMakeTmp/src.c'
    check option: ' -fsigned-char -W -Wall -Werror=return-type -Werror=non-virtual-dtor -Werror=address -Werror=sequence-point -Wformat -Werror=format-security -Wmissing-declarations -Wmissing-prototypes -Wstrict-prototypes -Wundef -Winit-self -Wpointer-arith -Wuninitialized -Winit-self  -Wno-unnamed-type-template-args'
===== BUILD LOG =====
Change Dir: /home/bjy/FaceRecSys/thirdparty/opencv/build/CMakeFiles/CMakeTmp

Run Build Command:"/usr/bin/gmake" "cmTC_988e3/fast"
/usr/bin/gmake -f CMakeFiles/cmTC_988e3.dir/build.make CMakeFiles/cmTC_988e3.dir/build
gmake[1]: Entering directory `/home/bjy/FaceRecSys/thirdparty/opencv/build/CMakeFiles/CMakeTmp'
Building C object CMakeFiles/cmTC_988e3.dir/src.c.o
/usr/bin/cc    -O3 -DNDEBUG -fPIE   -fsigned-char -W -Wall -Werror=return-type -Werror=non-virtual-dtor -Werror=address -Werror=sequence-point -Wformat -Werror=format-security -Wmissing-declarations -Wmissing-prototypes -Wstrict-prototypes -Wundef -Winit-self -Wpointer-arith -Wuninitialized -Winit-self -Wno-unnamed-type-template-args -o CMakeFiles/cmTC_988e3.dir/src.c.o   -c /home/bjy/FaceRecSys/thirdparty/opencv/build/CMakeFiles/CMakeTmp/src.c
/home/bjy/FaceRecSys/thirdparty/opencv/build/CMakeFiles/CMakeTmp/src.c:1:0: warning: ignoring #pragma   [-Wunknown-pragmas]
 #pragma
 ^
cc1: warning: unrecognized command line option "-Wno-unnamed-type-template-args" [enabled by default]
Linking C executable cmTC_988e3
/usr/local/bin/cmake -E cmake_link_script CMakeFiles/cmTC_988e3.dir/link.txt --verbose=1
/usr/bin/cc    -O3 -DNDEBUG    CMakeFiles/cmTC_988e3.dir/src.c.o  -o cmTC_988e3 
gmake[1]: Leaving directory `/home/bjy/FaceRecSys/thirdparty/opencv/build/CMakeFiles/CMakeTmp'

===== END =====

Build output check failed:
    Regex: 'command[- ]line option .* is valid for .* but not for C'
    Output line: 'cc1: warning: command line option ‘-fvisibility-inlines-hidden’ is valid for C++/ObjC++ but not for C [enabled by default]'
Compilation failed:
    source file: '/home/bjy/FaceRecSys/thirdparty/opencv/build/CMakeFiles/CMakeTmp/src.c'
    check option: ' -fsigned-char -W -Wall -Werror=return-type -Werror=non-virtual-dtor -Werror=address -Werror=sequence-point -Wformat -Werror=format-security -Wmissing-declarations -Wmissing-prototypes -Wstrict-prototypes -Wundef -Winit-self -Wpointer-arith -Wuninitialized -Winit-self -Wno-comment -Wno-missing-field-initializers -fdiagnostics-show-option -Wno-long-long -pthread -fomit-frame-pointer -ffunction-sections -fdata-sections  -msse -msse2 -msse3 -fvisibility=hidden  -fvisibility-inlines-hidden'
===== BUILD LOG =====
Change Dir: /home/bjy/FaceRecSys/thirdparty/opencv/build/CMakeFiles/CMakeTmp

Run Build Command:"/usr/bin/gmake" "cmTC_38a24/fast"
/usr/bin/gmake -f CMakeFiles/cmTC_38a24.dir/build.make CMakeFiles/cmTC_38a24.dir/build
gmake[1]: Entering directory `/home/bjy/FaceRecSys/thirdparty/opencv/build/CMakeFiles/CMakeTmp'
Building C object CMakeFiles/cmTC_38a24.dir/src.c.o
/usr/bin/cc    -O3 -DNDEBUG -fPIE   -fsigned-char -W -Wall -Werror=return-type -Werror=non-virtual-dtor -Werror=address -Werror=sequence-point -Wformat -Werror=format-security -Wmissing-declarations -Wmissing-prototypes -Wstrict-prototypes -Wundef -Winit-self -Wpointer-arith -Wuninitialized -Winit-self -Wno-comment -Wno-missing-field-initializers -fdiagnostics-show-option -Wno-long-long -pthread -fomit-frame-pointer -ffunction-sections -fdata-sections -msse -msse2 -msse3 -fvisibility=hidden -fvisibility-inlines-hidden -o CMakeFiles/cmTC_38a24.dir/src.c.o   -c /home/bjy/FaceRecSys/thirdparty/opencv/build/CMakeFiles/CMakeTmp/src.c
cc1: warning: command line option ‘-fvisibility-inlines-hidden’ is valid for C++/ObjC++ but not for C [enabled by default]
/home/bjy/FaceRecSys/thirdparty/opencv/build/CMakeFiles/CMakeTmp/src.c:1:0: warning: ignoring #pragma   [-Wunknown-pragmas]
 #pragma
 ^
Linking C executable cmTC_38a24
/usr/local/bin/cmake -E cmake_link_script CMakeFiles/cmTC_38a24.dir/link.txt --verbose=1
/usr/bin/cc    -O3 -DNDEBUG    CMakeFiles/cmTC_38a24.dir/src.c.o  -o cmTC_38a24 
gmake[1]: Leaving directory `/home/bjy/FaceRecSys/thirdparty/opencv/build/CMakeFiles/CMakeTmp'

===== END =====

Determining if the _aligned_malloc exist failed with the following output:
Change Dir: /home/bjy/FaceRecSys/thirdparty/opencv/build/CMakeFiles/CMakeTmp

Run Build Command:"/usr/bin/gmake" "cmTC_681e0/fast"
/usr/bin/gmake -f CMakeFiles/cmTC_681e0.dir/build.make CMakeFiles/cmTC_681e0.dir/build
gmake[1]: Entering directory `/home/bjy/FaceRecSys/thirdparty/opencv/build/CMakeFiles/CMakeTmp'
Building C object CMakeFiles/cmTC_681e0.dir/CheckSymbolExists.c.o
/usr/bin/cc    -fsigned-char -W -Wall -Werror=return-type -Werror=non-virtual-dtor -Werror=address -Werror=sequence-point -Wformat -Werror=format-security -Wmissing-declarations -Wmissing-prototypes -Wstrict-prototypes -Wundef -Winit-self -Wpointer-arith -Wuninitialized -Winit-self -Wno-comment -Wno-missing-field-initializers -fdiagnostics-show-option -Wno-long-long -pthread -fomit-frame-pointer -ffunction-sections -fdata-sections  -msse -msse2 -msse3 -fvisibility=hidden  -O3 -DNDEBUG -fPIE   -o CMakeFiles/cmTC_681e0.dir/CheckSymbolExists.c.o   -c /home/bjy/FaceRecSys/thirdparty/opencv/build/CMakeFiles/CMakeTmp/CheckSymbolExists.c
/home/bjy/FaceRecSys/thirdparty/opencv/build/CMakeFiles/CMakeTmp/CheckSymbolExists.c: In function ‘main’:
/home/bjy/FaceRecSys/thirdparty/opencv/build/CMakeFiles/CMakeTmp/CheckSymbolExists.c:8:19: error: ‘_aligned_malloc’ undeclared (first use in this function)
   return ((int*)(&_aligned_malloc))[argc];
                   ^
/home/bjy/FaceRecSys/thirdparty/opencv/build/CMakeFiles/CMakeTmp/CheckSymbolExists.c:8:19: note: each undeclared identifier is reported only once for each function it appears in
/home/bjy/FaceRecSys/thirdparty/opencv/build/CMakeFiles/CMakeTmp/CheckSymbolExists.c:4:14: warning: parameter ‘argc’ set but not used [-Wunused-but-set-parameter]
 int main(int argc, char** argv)
              ^
/home/bjy/FaceRecSys/thirdparty/opencv/build/CMakeFiles/CMakeTmp/CheckSymbolExists.c:13:1: error: control reaches end of non-void function [-Werror=return-type]
 }
 ^
cc1: some warnings being treated as errors
gmake[1]: *** [CMakeFiles/cmTC_681e0.dir/CheckSymbolExists.c.o] Error 1
gmake[1]: Leaving directory `/home/bjy/FaceRecSys/thirdparty/opencv/build/CMakeFiles/CMakeTmp'
gmake: *** [cmTC_681e0/fast] Error 2

File /home/bjy/FaceRecSys/thirdparty/opencv/build/CMakeFiles/CMakeTmp/CheckSymbolExists.c:
/* */
#include <malloc.h>

int main(int argc, char** argv)
{
  (void)argv;
#ifndef _aligned_malloc
  return ((int*)(&_aligned_malloc))[argc];
#else
  (void)argc;
  return 0;
#endif
}

Build output check failed:
    Regex: 'unrecognized .*option'
    Output line: 'cc1: warning: unrecognized command line option "-Wno-cast-function-type" [enabled by default]'
Compilation failed:
    source file: '/home/bjy/FaceRecSys/thirdparty/opencv/build/CMakeFiles/CMakeTmp/src.c'
    check option: ' -Wno-cast-function-type'
===== BUILD LOG =====
Change Dir: /home/bjy/FaceRecSys/thirdparty/opencv/build/CMakeFiles/CMakeTmp

Run Build Command:"/usr/bin/gmake" "cmTC_1a28d/fast"
/usr/bin/gmake -f CMakeFiles/cmTC_1a28d.dir/build.make CMakeFiles/cmTC_1a28d.dir/build
gmake[1]: Entering directory `/home/bjy/FaceRecSys/thirdparty/opencv/build/CMakeFiles/CMakeTmp'
Building C object CMakeFiles/cmTC_1a28d.dir/src.c.o
/usr/bin/cc    -fsigned-char -W -Wall -Werror=return-type -Werror=non-virtual-dtor -Werror=address -Werror=sequence-point -Wformat -Werror=format-security -Wmissing-declarations -Wmissing-prototypes -Winit-self -Wpointer-arith -Wuninitialized -Winit-self -Wno-comment -Wno-missing-field-initializers -fdiagnostics-show-option -Wno-long-long -pthread -fomit-frame-pointer -ffunction-sections -fdata-sections  -msse -msse2 -msse3 -fvisibility=hidden -Wno-undef -Wno-strict-prototypes  -O3 -DNDEBUG -fPIE   -Wno-cast-function-type -o CMakeFiles/cmTC_1a28d.dir/src.c.o   -c /home/bjy/FaceRecSys/thirdparty/opencv/build/CMakeFiles/CMakeTmp/src.c
/home/bjy/FaceRecSys/thirdparty/opencv/build/CMakeFiles/CMakeTmp/src.c:1:0: warning: ignoring #pragma   [-Wunknown-pragmas]
 #pragma
 ^
cc1: warning: unrecognized command line option "-Wno-cast-function-type" [enabled by default]
Linking C executable cmTC_1a28d
/usr/local/bin/cmake -E cmake_link_script CMakeFiles/cmTC_1a28d.dir/link.txt --verbose=1
/usr/bin/cc     -fsigned-char -W -Wall -Werror=return-type -Werror=non-virtual-dtor -Werror=address -Werror=sequence-point -Wformat -Werror=format-security -Wmissing-declarations -Wmissing-prototypes -Winit-self -Wpointer-arith -Wuninitialized -Winit-self -Wno-comment -Wno-missing-field-initializers -fdiagnostics-show-option -Wno-long-long -pthread -fomit-frame-pointer -ffunction-sections -fdata-sections  -msse -msse2 -msse3 -fvisibility=hidden -Wno-undef -Wno-strict-prototypes  -O3 -DNDEBUG    -Wl,--gc-sections -Wl,--as-needed  CMakeFiles/cmTC_1a28d.dir/src.c.o  -o cmTC_1a28d 
gmake[1]: Leaving directory `/home/bjy/FaceRecSys/thirdparty/opencv/build/CMakeFiles/CMakeTmp'

===== END =====

Determining if the include file /usr/include/libpng/png.h exists failed with the following output:
Change Dir: /home/bjy/FaceRecSys/thirdparty/opencv/build/CMakeFiles/CMakeTmp

Run Build Command:"/usr/bin/gmake" "cmTC_8433f/fast"
/usr/bin/gmake -f CMakeFiles/cmTC_8433f.dir/build.make CMakeFiles/cmTC_8433f.dir/build
gmake[1]: Entering directory `/home/bjy/FaceRecSys/thirdparty/opencv/build/CMakeFiles/CMakeTmp'
Building C object CMakeFiles/cmTC_8433f.dir/CheckIncludeFile.c.o
/usr/bin/cc    -fsigned-char -W -Wall -Werror=return-type -Werror=non-virtual-dtor -Werror=address -Werror=sequence-point -Wformat -Werror=format-security -Wmissing-declarations -Wmissing-prototypes -Wstrict-prototypes -Wundef -Winit-self -Wpointer-arith -Wuninitialized -Winit-self -Wno-comment -Wno-missing-field-initializers -fdiagnostics-show-option -Wno-long-long -pthread -fomit-frame-pointer -ffunction-sections -fdata-sections  -msse -msse2 -msse3 -fvisibility=hidden  -O3 -DNDEBUG -fPIE   -o CMakeFiles/cmTC_8433f.dir/CheckIncludeFile.c.o   -c /home/bjy/FaceRecSys/thirdparty/opencv/build/CMakeFiles/CMakeTmp/CheckIncludeFile.c
/home/bjy/FaceRecSys/thirdparty/opencv/build/CMakeFiles/CMakeTmp/CheckIncludeFile.c:1:37: fatal error: /usr/include/libpng/png.h: No such file or directory
 #include </usr/include/libpng/png.h>
                                     ^
compilation terminated.
gmake[1]: *** [CMakeFiles/cmTC_8433f.dir/CheckIncludeFile.c.o] Error 1
gmake[1]: Leaving directory `/home/bjy/FaceRecSys/thirdparty/opencv/build/CMakeFiles/CMakeTmp'
gmake: *** [cmTC_8433f/fast] Error 2


Build output check failed:
    Regex: 'command[- ]line option .* is valid for .* but not for C\+\+'
    Output line: 'cc1plus: warning: command line option ‘-Wno-missing-prototypes’ is valid for C/ObjC but not for C++ [enabled by default]'
Compilation failed:
    source file: '/home/bjy/FaceRecSys/thirdparty/opencv/build/CMakeFiles/CMakeTmp/src.cxx'
    check option: ' -Wno-missing-prototypes'
===== BUILD LOG =====
Change Dir: /home/bjy/FaceRecSys/thirdparty/opencv/build/CMakeFiles/CMakeTmp

Run Build Command:"/usr/bin/gmake" "cmTC_f5194/fast"
/usr/bin/gmake -f CMakeFiles/cmTC_f5194.dir/build.make CMakeFiles/cmTC_f5194.dir/build
gmake[1]: Entering directory `/home/bjy/FaceRecSys/thirdparty/opencv/build/CMakeFiles/CMakeTmp'
Building CXX object CMakeFiles/cmTC_f5194.dir/src.cxx.o
/usr/bin/c++     -fsigned-char -W -Wall -Werror=return-type -Werror=non-virtual-dtor -Werror=address -Werror=sequence-point -Wformat -Werror=format-security -Wmissing-declarations -Wundef -Winit-self -Wpointer-arith -Wsign-promo -Wuninitialized -Winit-self -Wno-delete-non-virtual-dtor -Wno-comment -Wno-missing-field-initializers -fdiagnostics-show-option -Wno-long-long -pthread -fomit-frame-pointer -ffunction-sections -fdata-sections  -msse -msse2 -msse3 -fvisibility=hidden -fvisibility-inlines-hidden -Wno-deprecated  -O3 -DNDEBUG -fPIE   -Wno-missing-prototypes -std=c++11 -o CMakeFiles/cmTC_f5194.dir/src.cxx.o -c /home/bjy/FaceRecSys/thirdparty/opencv/build/CMakeFiles/CMakeTmp/src.cxx
cc1plus: warning: command line option ‘-Wno-missing-prototypes’ is valid for C/ObjC but not for C++ [enabled by default]
/home/bjy/FaceRecSys/thirdparty/opencv/build/CMakeFiles/CMakeTmp/src.cxx:1:0: warning: ignoring #pragma   [-Wunknown-pragmas]
 #pragma
 ^
Linking CXX executable cmTC_f5194
/usr/local/bin/cmake -E cmake_link_script CMakeFiles/cmTC_f5194.dir/link.txt --verbose=1
/usr/bin/c++      -fsigned-char -W -Wall -Werror=return-type -Werror=non-virtual-dtor -Werror=address -Werror=sequence-point -Wformat -Werror=format-security -Wmissing-declarations -Wundef -Winit-self -Wpointer-arith -Wsign-promo -Wuninitialized -Winit-self -Wno-delete-non-virtual-dtor -Wno-comment -Wno-missing-field-initializers -fdiagnostics-show-option -Wno-long-long -pthread -fomit-frame-pointer -ffunction-sections -fdata-sections  -msse -msse2 -msse3 -fvisibility=hidden -fvisibility-inlines-hidden -Wno-deprecated  -O3 -DNDEBUG    -Wl,--gc-sections -Wl,--as-needed  CMakeFiles/cmTC_f5194.dir/src.cxx.o  -o cmTC_f5194 
gmake[1]: Leaving directory `/home/bjy/FaceRecSys/thirdparty/opencv/build/CMakeFiles/CMakeTmp'

===== END =====

Build output check failed:
    Regex: 'unrecognized .*option'
    Output line: 'cc1plus: warning: unrecognized command line option "-Wno-tautological-undefined-compare" [enabled by default]'
Compilation failed:
    source file: '/home/bjy/FaceRecSys/thirdparty/opencv/build/CMakeFiles/CMakeTmp/src.cxx'
    check option: ' -Wno-tautological-undefined-compare'
===== BUILD LOG =====
Change Dir: /home/bjy/FaceRecSys/thirdparty/opencv/build/CMakeFiles/CMakeTmp

Run Build Command:"/usr/bin/gmake" "cmTC_c18d7/fast"
/usr/bin/gmake -f CMakeFiles/cmTC_c18d7.dir/build.make CMakeFiles/cmTC_c18d7.dir/build
gmake[1]: Entering directory `/home/bjy/FaceRecSys/thirdparty/opencv/build/CMakeFiles/CMakeTmp'
Building CXX object CMakeFiles/cmTC_c18d7.dir/src.cxx.o
/usr/bin/c++     -fsigned-char -W -Wall -Werror=return-type -Werror=non-virtual-dtor -Werror=address -Werror=sequence-point -Wformat -Werror=format-security -Winit-self -Wpointer-arith -Wuninitialized -Winit-self -Wno-delete-non-virtual-dtor -Wno-comment -Wno-missing-field-initializers -fdiagnostics-show-option -Wno-long-long -pthread -fomit-frame-pointer -ffunction-sections -fdata-sections  -msse -msse2 -msse3 -fvisibility=hidden -fvisibility-inlines-hidden -Wno-deprecated -Wno-missing-declarations -Wno-shadow -Wno-unused-parameter -Wno-unused-local-typedefs -Wno-sign-compare -Wno-sign-promo -Wno-undef  -O3 -DNDEBUG -fPIE   -Wno-tautological-undefined-compare -std=c++11 -o CMakeFiles/cmTC_c18d7.dir/src.cxx.o -c /home/bjy/FaceRecSys/thirdparty/opencv/build/CMakeFiles/CMakeTmp/src.cxx
/home/bjy/FaceRecSys/thirdparty/opencv/build/CMakeFiles/CMakeTmp/src.cxx:1:0: warning: ignoring #pragma   [-Wunknown-pragmas]
 #pragma
 ^
cc1plus: warning: unrecognized command line option "-Wno-tautological-undefined-compare" [enabled by default]
Linking CXX executable cmTC_c18d7
/usr/local/bin/cmake -E cmake_link_script CMakeFiles/cmTC_c18d7.dir/link.txt --verbose=1
/usr/bin/c++      -fsigned-char -W -Wall -Werror=return-type -Werror=non-virtual-dtor -Werror=address -Werror=sequence-point -Wformat -Werror=format-security -Winit-self -Wpointer-arith -Wuninitialized -Winit-self -Wno-delete-non-virtual-dtor -Wno-comment -Wno-missing-field-initializers -fdiagnostics-show-option -Wno-long-long -pthread -fomit-frame-pointer -ffunction-sections -fdata-sections  -msse -msse2 -msse3 -fvisibility=hidden -fvisibility-inlines-hidden -Wno-deprecated -Wno-missing-declarations -Wno-shadow -Wno-unused-parameter -Wno-unused-local-typedefs -Wno-sign-compare -Wno-sign-promo -Wno-undef  -O3 -DNDEBUG    -Wl,--gc-sections -Wl,--as-needed  CMakeFiles/cmTC_c18d7.dir/src.cxx.o  -o cmTC_c18d7 
gmake[1]: Leaving directory `/home/bjy/FaceRecSys/thirdparty/opencv/build/CMakeFiles/CMakeTmp'

===== END =====

Build output check failed:
    Regex: 'unrecognized .*option'
    Output line: 'cc1plus: warning: unrecognized command line option "-Wno-unused-const-variable" [enabled by default]'
Compilation failed:
    source file: '/home/bjy/FaceRecSys/thirdparty/opencv/build/CMakeFiles/CMakeTmp/src.cxx'
    check option: ' -Wno-unused-const-variable'
===== BUILD LOG =====
Change Dir: /home/bjy/FaceRecSys/thirdparty/opencv/build/CMakeFiles/CMakeTmp

Run Build Command:"/usr/bin/gmake" "cmTC_c5c27/fast"
/usr/bin/gmake -f CMakeFiles/cmTC_c5c27.dir/build.make CMakeFiles/cmTC_c5c27.dir/build
gmake[1]: Entering directory `/home/bjy/FaceRecSys/thirdparty/opencv/build/CMakeFiles/CMakeTmp'
Building CXX object CMakeFiles/cmTC_c5c27.dir/src.cxx.o
/usr/bin/c++     -fsigned-char -W -Wall -Werror=return-type -Werror=non-virtual-dtor -Werror=address -Werror=sequence-point -Wformat -Werror=format-security -Winit-self -Wpointer-arith -Wuninitialized -Winit-self -Wno-delete-non-virtual-dtor -Wno-comment -Wno-missing-field-initializers -fdiagnostics-show-option -Wno-long-long -pthread -fomit-frame-pointer -ffunction-sections -fdata-sections  -msse -msse2 -msse3 -fvisibility=hidden -fvisibility-inlines-hidden -Wno-deprecated -Wno-missing-declarations -Wno-shadow -Wno-unused-parameter -Wno-unused-local-typedefs -Wno-sign-compare -Wno-sign-promo -Wno-undef -Wno-ignored-qualifiers -Wno-extra -Wno-unused-function  -O3 -DNDEBUG -fPIE   -Wno-unused-const-variable -std=c++11 -o CMakeFiles/cmTC_c5c27.dir/src.cxx.o -c /home/bjy/FaceRecSys/thirdparty/opencv/build/CMakeFiles/CMakeTmp/src.cxx
/home/bjy/FaceRecSys/thirdparty/opencv/build/CMakeFiles/CMakeTmp/src.cxx:1:0: warning: ignoring #pragma   [-Wunknown-pragmas]
 #pragma
 ^
cc1plus: warning: unrecognized command line option "-Wno-unused-const-variable" [enabled by default]
Linking CXX executable cmTC_c5c27
/usr/local/bin/cmake -E cmake_link_script CMakeFiles/cmTC_c5c27.dir/link.txt --verbose=1
/usr/bin/c++      -fsigned-char -W -Wall -Werror=return-type -Werror=non-virtual-dtor -Werror=address -Werror=sequence-point -Wformat -Werror=format-security -Winit-self -Wpointer-arith -Wuninitialized -Winit-self -Wno-delete-non-virtual-dtor -Wno-comment -Wno-missing-field-initializers -fdiagnostics-show-option -Wno-long-long -pthread -fomit-frame-pointer -ffunction-sections -fdata-sections  -msse -msse2 -msse3 -fvisibility=hidden -fvisibility-inlines-hidden -Wno-deprecated -Wno-missing-declarations -Wno-shadow -Wno-unused-parameter -Wno-unused-local-typedefs -Wno-sign-compare -Wno-sign-promo -Wno-undef -Wno-ignored-qualifiers -Wno-extra -Wno-unused-function  -O3 -DNDEBUG    -Wl,--gc-sections -Wl,--as-needed  CMakeFiles/cmTC_c5c27.dir/src.cxx.o  -o cmTC_c5c27 
gmake[1]: Leaving directory `/home/bjy/FaceRecSys/thirdparty/opencv/build/CMakeFiles/CMakeTmp'

===== END =====

Build output check failed:
    Regex: 'unrecognized .*option'
    Output line: 'cc1plus: warning: unrecognized command line option "-Wno-shorten-64-to-32" [enabled by default]'
Compilation failed:
    source file: '/home/bjy/FaceRecSys/thirdparty/opencv/build/CMakeFiles/CMakeTmp/src.cxx'
    check option: ' -Wno-shorten-64-to-32'
===== BUILD LOG =====
Change Dir: /home/bjy/FaceRecSys/thirdparty/opencv/build/CMakeFiles/CMakeTmp

Run Build Command:"/usr/bin/gmake" "cmTC_d5554/fast"
/usr/bin/gmake -f CMakeFiles/cmTC_d5554.dir/build.make CMakeFiles/cmTC_d5554.dir/build
gmake[1]: Entering directory `/home/bjy/FaceRecSys/thirdparty/opencv/build/CMakeFiles/CMakeTmp'
Building CXX object CMakeFiles/cmTC_d5554.dir/src.cxx.o
/usr/bin/c++     -fsigned-char -W -Wall -Werror=return-type -Werror=non-virtual-dtor -Werror=address -Werror=sequence-point -Wformat -Werror=format-security -Winit-self -Wpointer-arith -Wuninitialized -Winit-self -Wno-delete-non-virtual-dtor -Wno-comment -Wno-missing-field-initializers -fdiagnostics-show-option -Wno-long-long -pthread -fomit-frame-pointer -ffunction-sections -fdata-sections  -msse -msse2 -msse3 -fvisibility=hidden -fvisibility-inlines-hidden -Wno-deprecated -Wno-missing-declarations -Wno-shadow -Wno-unused-parameter -Wno-unused-local-typedefs -Wno-sign-compare -Wno-sign-promo -Wno-undef -Wno-ignored-qualifiers -Wno-extra -Wno-unused-function  -O3 -DNDEBUG -fPIE   -Wno-shorten-64-to-32 -std=c++11 -o CMakeFiles/cmTC_d5554.dir/src.cxx.o -c /home/bjy/FaceRecSys/thirdparty/opencv/build/CMakeFiles/CMakeTmp/src.cxx
/home/bjy/FaceRecSys/thirdparty/opencv/build/CMakeFiles/CMakeTmp/src.cxx:1:0: warning: ignoring #pragma   [-Wunknown-pragmas]
 #pragma
 ^
cc1plus: warning: unrecognized command line option "-Wno-shorten-64-to-32" [enabled by default]
Linking CXX executable cmTC_d5554
/usr/local/bin/cmake -E cmake_link_script CMakeFiles/cmTC_d5554.dir/link.txt --verbose=1
/usr/bin/c++      -fsigned-char -W -Wall -Werror=return-type -Werror=non-virtual-dtor -Werror=address -Werror=sequence-point -Wformat -Werror=format-security -Winit-self -Wpointer-arith -Wuninitialized -Winit-self -Wno-delete-non-virtual-dtor -Wno-comment -Wno-missing-field-initializers -fdiagnostics-show-option -Wno-long-long -pthread -fomit-frame-pointer -ffunction-sections -fdata-sections  -msse -msse2 -msse3 -fvisibility=hidden -fvisibility-inlines-hidden -Wno-deprecated -Wno-missing-declarations -Wno-shadow -Wno-unused-parameter -Wno-unused-local-typedefs -Wno-sign-compare -Wno-sign-promo -Wno-undef -Wno-ignored-qualifiers -Wno-extra -Wno-unused-function  -O3 -DNDEBUG    -Wl,--gc-sections -Wl,--as-needed  CMakeFiles/cmTC_d5554.dir/src.cxx.o  -o cmTC_d5554 
gmake[1]: Leaving directory `/home/bjy/FaceRecSys/thirdparty/opencv/build/CMakeFiles/CMakeTmp'

===== END =====

Build output check failed:
    Regex: 'unrecognized .*option'
    Output line: 'cc1plus: warning: unrecognized command line option "-Wno-enum-compare-switch" [enabled by default]'
Compilation failed:
    source file: '/home/bjy/FaceRecSys/thirdparty/opencv/build/CMakeFiles/CMakeTmp/src.cxx'
    check option: ' -Wno-enum-compare-switch'
===== BUILD LOG =====
Change Dir: /home/bjy/FaceRecSys/thirdparty/opencv/build/CMakeFiles/CMakeTmp

Run Build Command:"/usr/bin/gmake" "cmTC_67751/fast"
/usr/bin/gmake -f CMakeFiles/cmTC_67751.dir/build.make CMakeFiles/cmTC_67751.dir/build
gmake[1]: Entering directory `/home/bjy/FaceRecSys/thirdparty/opencv/build/CMakeFiles/CMakeTmp'
Building CXX object CMakeFiles/cmTC_67751.dir/src.cxx.o
/usr/bin/c++     -fsigned-char -W -Wall -Werror=return-type -Werror=non-virtual-dtor -Werror=address -Werror=sequence-point -Wformat -Werror=format-security -Winit-self -Wpointer-arith -Wuninitialized -Winit-self -Wno-delete-non-virtual-dtor -Wno-comment -Wno-missing-field-initializers -fdiagnostics-show-option -Wno-long-long -pthread -fomit-frame-pointer -ffunction-sections -fdata-sections  -msse -msse2 -msse3 -fvisibility=hidden -fvisibility-inlines-hidden -Wno-deprecated -Wno-missing-declarations -Wno-shadow -Wno-unused-parameter -Wno-unused-local-typedefs -Wno-sign-compare -Wno-sign-promo -Wno-undef -Wno-ignored-qualifiers -Wno-extra -Wno-unused-function -Wno-invalid-offsetof  -O3 -DNDEBUG -fPIE   -Wno-enum-compare-switch -std=c++11 -o CMakeFiles/cmTC_67751.dir/src.cxx.o -c /home/bjy/FaceRecSys/thirdparty/opencv/build/CMakeFiles/CMakeTmp/src.cxx
/home/bjy/FaceRecSys/thirdparty/opencv/build/CMakeFiles/CMakeTmp/src.cxx:1:0: warning: ignoring #pragma   [-Wunknown-pragmas]
 #pragma
 ^
cc1plus: warning: unrecognized command line option "-Wno-enum-compare-switch" [enabled by default]
Linking CXX executable cmTC_67751
/usr/local/bin/cmake -E cmake_link_script CMakeFiles/cmTC_67751.dir/link.txt --verbose=1
/usr/bin/c++      -fsigned-char -W -Wall -Werror=return-type -Werror=non-virtual-dtor -Werror=address -Werror=sequence-point -Wformat -Werror=format-security -Winit-self -Wpointer-arith -Wuninitialized -Winit-self -Wno-delete-non-virtual-dtor -Wno-comment -Wno-missing-field-initializers -fdiagnostics-show-option -Wno-long-long -pthread -fomit-frame-pointer -ffunction-sections -fdata-sections  -msse -msse2 -msse3 -fvisibility=hidden -fvisibility-inlines-hidden -Wno-deprecated -Wno-missing-declarations -Wno-shadow -Wno-unused-parameter -Wno-unused-local-typedefs -Wno-sign-compare -Wno-sign-promo -Wno-undef -Wno-ignored-qualifiers -Wno-extra -Wno-unused-function -Wno-invalid-offsetof  -O3 -DNDEBUG    -Wl,--gc-sections -Wl,--as-needed  CMakeFiles/cmTC_67751.dir/src.cxx.o  -o cmTC_67751 
gmake[1]: Leaving directory `/home/bjy/FaceRecSys/thirdparty/opencv/build/CMakeFiles/CMakeTmp'

===== END =====

Build output check failed:
    Regex: 'unrecognized .*option'
    Output line: 'cc1plus: warning: unrecognized command line option "-Wno-suggest-override" [enabled by default]'
Compilation failed:
    source file: '/home/bjy/FaceRecSys/thirdparty/opencv/build/CMakeFiles/CMakeTmp/src.cxx'
    check option: ' -Wno-suggest-override'
===== BUILD LOG =====
Change Dir: /home/bjy/FaceRecSys/thirdparty/opencv/build/CMakeFiles/CMakeTmp

Run Build Command:"/usr/bin/gmake" "cmTC_0a343/fast"
/usr/bin/gmake -f CMakeFiles/cmTC_0a343.dir/build.make CMakeFiles/cmTC_0a343.dir/build
gmake[1]: Entering directory `/home/bjy/FaceRecSys/thirdparty/opencv/build/CMakeFiles/CMakeTmp'
Building CXX object CMakeFiles/cmTC_0a343.dir/src.cxx.o
/usr/bin/c++     -fsigned-char -W -Wall -Werror=return-type -Werror=non-virtual-dtor -Werror=address -Werror=sequence-point -Wformat -Werror=format-security -Winit-self -Wpointer-arith -Wuninitialized -Winit-self -Wno-delete-non-virtual-dtor -Wno-comment -Wno-missing-field-initializers -fdiagnostics-show-option -Wno-long-long -pthread -fomit-frame-pointer -ffunction-sections -fdata-sections  -msse -msse2 -msse3 -fvisibility=hidden -fvisibility-inlines-hidden -Wno-deprecated -Wno-missing-declarations -Wno-shadow -Wno-unused-parameter -Wno-unused-local-typedefs -Wno-sign-compare -Wno-sign-promo -Wno-undef -Wno-ignored-qualifiers -Wno-extra -Wno-unused-function -Wno-invalid-offsetof  -O3 -DNDEBUG -fPIE   -Wno-suggest-override -std=c++11 -o CMakeFiles/cmTC_0a343.dir/src.cxx.o -c /home/bjy/FaceRecSys/thirdparty/opencv/build/CMakeFiles/CMakeTmp/src.cxx
/home/bjy/FaceRecSys/thirdparty/opencv/build/CMakeFiles/CMakeTmp/src.cxx:1:0: warning: ignoring #pragma   [-Wunknown-pragmas]
 #pragma
 ^
cc1plus: warning: unrecognized command line option "-Wno-suggest-override" [enabled by default]
Linking CXX executable cmTC_0a343
/usr/local/bin/cmake -E cmake_link_script CMakeFiles/cmTC_0a343.dir/link.txt --verbose=1
/usr/bin/c++      -fsigned-char -W -Wall -Werror=return-type -Werror=non-virtual-dtor -Werror=address -Werror=sequence-point -Wformat -Werror=format-security -Winit-self -Wpointer-arith -Wuninitialized -Winit-self -Wno-delete-non-virtual-dtor -Wno-comment -Wno-missing-field-initializers -fdiagnostics-show-option -Wno-long-long -pthread -fomit-frame-pointer -ffunction-sections -fdata-sections  -msse -msse2 -msse3 -fvisibility=hidden -fvisibility-inlines-hidden -Wno-deprecated -Wno-missing-declarations -Wno-shadow -Wno-unused-parameter -Wno-unused-local-typedefs -Wno-sign-compare -Wno-sign-promo -Wno-undef -Wno-ignored-qualifiers -Wno-extra -Wno-unused-function -Wno-invalid-offsetof  -O3 -DNDEBUG    -Wl,--gc-sections -Wl,--as-needed  CMakeFiles/cmTC_0a343.dir/src.cxx.o  -o cmTC_0a343 
gmake[1]: Leaving directory `/home/bjy/FaceRecSys/thirdparty/opencv/build/CMakeFiles/CMakeTmp'

===== END =====

Build output check failed:
    Regex: 'unrecognized .*option'
    Output line: 'cc1plus: warning: unrecognized command line option "-Wno-inconsistent-missing-override" [enabled by default]'
Compilation failed:
    source file: '/home/bjy/FaceRecSys/thirdparty/opencv/build/CMakeFiles/CMakeTmp/src.cxx'
    check option: ' -Wno-inconsistent-missing-override'
===== BUILD LOG =====
Change Dir: /home/bjy/FaceRecSys/thirdparty/opencv/build/CMakeFiles/CMakeTmp

Run Build Command:"/usr/bin/gmake" "cmTC_14db0/fast"
/usr/bin/gmake -f CMakeFiles/cmTC_14db0.dir/build.make CMakeFiles/cmTC_14db0.dir/build
gmake[1]: Entering directory `/home/bjy/FaceRecSys/thirdparty/opencv/build/CMakeFiles/CMakeTmp'
Building CXX object CMakeFiles/cmTC_14db0.dir/src.cxx.o
/usr/bin/c++     -fsigned-char -W -Wall -Werror=return-type -Werror=non-virtual-dtor -Werror=address -Werror=sequence-point -Wformat -Werror=format-security -Winit-self -Wpointer-arith -Wuninitialized -Winit-self -Wno-delete-non-virtual-dtor -Wno-comment -Wno-missing-field-initializers -fdiagnostics-show-option -Wno-long-long -pthread -fomit-frame-pointer -ffunction-sections -fdata-sections  -msse -msse2 -msse3 -fvisibility=hidden -fvisibility-inlines-hidden -Wno-deprecated -Wno-missing-declarations -Wno-shadow -Wno-unused-parameter -Wno-unused-local-typedefs -Wno-sign-compare -Wno-sign-promo -Wno-undef -Wno-ignored-qualifiers -Wno-extra -Wno-unused-function -Wno-invalid-offsetof  -O3 -DNDEBUG -fPIE   -Wno-inconsistent-missing-override -std=c++11 -o CMakeFiles/cmTC_14db0.dir/src.cxx.o -c /home/bjy/FaceRecSys/thirdparty/opencv/build/CMakeFiles/CMakeTmp/src.cxx
/home/bjy/FaceRecSys/thirdparty/opencv/build/CMakeFiles/CMakeTmp/src.cxx:1:0: warning: ignoring #pragma   [-Wunknown-pragmas]
 #pragma
 ^
cc1plus: warning: unrecognized command line option "-Wno-inconsistent-missing-override" [enabled by default]
Linking CXX executable cmTC_14db0
/usr/local/bin/cmake -E cmake_link_script CMakeFiles/cmTC_14db0.dir/link.txt --verbose=1
/usr/bin/c++      -fsigned-char -W -Wall -Werror=return-type -Werror=non-virtual-dtor -Werror=address -Werror=sequence-point -Wformat -Werror=format-security -Winit-self -Wpointer-arith -Wuninitialized -Winit-self -Wno-delete-non-virtual-dtor -Wno-comment -Wno-missing-field-initializers -fdiagnostics-show-option -Wno-long-long -pthread -fomit-frame-pointer -ffunction-sections -fdata-sections  -msse -msse2 -msse3 -fvisibility=hidden -fvisibility-inlines-hidden -Wno-deprecated -Wno-missing-declarations -Wno-shadow -Wno-unused-parameter -Wno-unused-local-typedefs -Wno-sign-compare -Wno-sign-promo -Wno-undef -Wno-ignored-qualifiers -Wno-extra -Wno-unused-function -Wno-invalid-offsetof  -O3 -DNDEBUG    -Wl,--gc-sections -Wl,--as-needed  CMakeFiles/cmTC_14db0.dir/src.cxx.o  -o cmTC_14db0 
gmake[1]: Leaving directory `/home/bjy/FaceRecSys/thirdparty/opencv/build/CMakeFiles/CMakeTmp'

===== END =====

Build output check failed:
    Regex: 'unrecognized .*option'
    Output line: 'cc1plus: warning: unrecognized command line option "-Wno-implicit-fallthrough" [enabled by default]'
Compilation failed:
    source file: '/home/bjy/FaceRecSys/thirdparty/opencv/build/CMakeFiles/CMakeTmp/src.cxx'
    check option: ' -Wno-implicit-fallthrough'
===== BUILD LOG =====
Change Dir: /home/bjy/FaceRecSys/thirdparty/opencv/build/CMakeFiles/CMakeTmp

Run Build Command:"/usr/bin/gmake" "cmTC_94f63/fast"
/usr/bin/gmake -f CMakeFiles/cmTC_94f63.dir/build.make CMakeFiles/cmTC_94f63.dir/build
gmake[1]: Entering directory `/home/bjy/FaceRecSys/thirdparty/opencv/build/CMakeFiles/CMakeTmp'
Building CXX object CMakeFiles/cmTC_94f63.dir/src.cxx.o
/usr/bin/c++     -fsigned-char -W -Wall -Werror=return-type -Werror=non-virtual-dtor -Werror=address -Werror=sequence-point -Wformat -Werror=format-security -Winit-self -Wpointer-arith -Wuninitialized -Winit-self -Wno-delete-non-virtual-dtor -Wno-comment -Wno-missing-field-initializers -fdiagnostics-show-option -Wno-long-long -pthread -fomit-frame-pointer -ffunction-sections -fdata-sections  -msse -msse2 -msse3 -fvisibility=hidden -fvisibility-inlines-hidden -Wno-deprecated -Wno-missing-declarations -Wno-shadow -Wno-unused-parameter -Wno-unused-local-typedefs -Wno-sign-compare -Wno-sign-promo -Wno-undef -Wno-ignored-qualifiers -Wno-extra -Wno-unused-function -Wno-invalid-offsetof  -O3 -DNDEBUG -fPIE   -Wno-implicit-fallthrough -std=c++11 -o CMakeFiles/cmTC_94f63.dir/src.cxx.o -c /home/bjy/FaceRecSys/thirdparty/opencv/build/CMakeFiles/CMakeTmp/src.cxx
/home/bjy/FaceRecSys/thirdparty/opencv/build/CMakeFiles/CMakeTmp/src.cxx:1:0: warning: ignoring #pragma   [-Wunknown-pragmas]
 #pragma
 ^
cc1plus: warning: unrecognized command line option "-Wno-implicit-fallthrough" [enabled by default]
Linking CXX executable cmTC_94f63
/usr/local/bin/cmake -E cmake_link_script CMakeFiles/cmTC_94f63.dir/link.txt --verbose=1
/usr/bin/c++      -fsigned-char -W -Wall -Werror=return-type -Werror=non-virtual-dtor -Werror=address -Werror=sequence-point -Wformat -Werror=format-security -Winit-self -Wpointer-arith -Wuninitialized -Winit-self -Wno-delete-non-virtual-dtor -Wno-comment -Wno-missing-field-initializers -fdiagnostics-show-option -Wno-long-long -pthread -fomit-frame-pointer -ffunction-sections -fdata-sections  -msse -msse2 -msse3 -fvisibility=hidden -fvisibility-inlines-hidden -Wno-deprecated -Wno-missing-declarations -Wno-shadow -Wno-unused-parameter -Wno-unused-local-typedefs -Wno-sign-compare -Wno-sign-promo -Wno-undef -Wno-ignored-qualifiers -Wno-extra -Wno-unused-function -Wno-invalid-offsetof  -O3 -DNDEBUG    -Wl,--gc-sections -Wl,--as-needed  CMakeFiles/cmTC_94f63.dir/src.cxx.o  -o cmTC_94f63 
gmake[1]: Leaving directory `/home/bjy/FaceRecSys/thirdparty/opencv/build/CMakeFiles/CMakeTmp'

===== END =====

Build output check failed:
    Regex: 'unrecognized .*option'
    Output line: 'cc1: warning: unrecognized command line option "-Wno-implicit-fallthrough" [enabled by default]'
Compilation failed:
    source file: '/home/bjy/FaceRecSys/thirdparty/opencv/build/CMakeFiles/CMakeTmp/src.c'
    check option: ' -Wno-implicit-fallthrough'
===== BUILD LOG =====
Change Dir: /home/bjy/FaceRecSys/thirdparty/opencv/build/CMakeFiles/CMakeTmp

Run Build Command:"/usr/bin/gmake" "cmTC_74db2/fast"
/usr/bin/gmake -f CMakeFiles/cmTC_74db2.dir/build.make CMakeFiles/cmTC_74db2.dir/build
gmake[1]: Entering directory `/home/bjy/FaceRecSys/thirdparty/opencv/build/CMakeFiles/CMakeTmp'
Building C object CMakeFiles/cmTC_74db2.dir/src.c.o
/usr/bin/cc    -fsigned-char -W -Wall -Werror=return-type -Werror=non-virtual-dtor -Werror=address -Werror=sequence-point -Wformat -Werror=format-security -Wmissing-declarations -Wmissing-prototypes -Wstrict-prototypes -Wundef -Winit-self -Wpointer-arith -Wuninitialized -Winit-self -Wno-comment -Wno-missing-field-initializers -fdiagnostics-show-option -Wno-long-long -pthread -fomit-frame-pointer -ffunction-sections -fdata-sections  -msse -msse2 -msse3 -fvisibility=hidden  -O3 -DNDEBUG -fPIE   -Wno-implicit-fallthrough -o CMakeFiles/cmTC_74db2.dir/src.c.o   -c /home/bjy/FaceRecSys/thirdparty/opencv/build/CMakeFiles/CMakeTmp/src.c
/home/bjy/FaceRecSys/thirdparty/opencv/build/CMakeFiles/CMakeTmp/src.c:1:0: warning: ignoring #pragma   [-Wunknown-pragmas]
 #pragma
 ^
cc1: warning: unrecognized command line option "-Wno-implicit-fallthrough" [enabled by default]
Linking C executable cmTC_74db2
/usr/local/bin/cmake -E cmake_link_script CMakeFiles/cmTC_74db2.dir/link.txt --verbose=1
/usr/bin/cc     -fsigned-char -W -Wall -Werror=return-type -Werror=non-virtual-dtor -Werror=address -Werror=sequence-point -Wformat -Werror=format-security -Wmissing-declarations -Wmissing-prototypes -Wstrict-prototypes -Wundef -Winit-self -Wpointer-arith -Wuninitialized -Winit-self -Wno-comment -Wno-missing-field-initializers -fdiagnostics-show-option -Wno-long-long -pthread -fomit-frame-pointer -ffunction-sections -fdata-sections  -msse -msse2 -msse3 -fvisibility=hidden  -O3 -DNDEBUG    -Wl,--gc-sections -Wl,--as-needed  CMakeFiles/cmTC_74db2.dir/src.c.o  -o cmTC_74db2 
gmake[1]: Leaving directory `/home/bjy/FaceRecSys/thirdparty/opencv/build/CMakeFiles/CMakeTmp'

===== END =====

Determining if the include file sys/videoio.h exists failed with the following output:
Change Dir: /home/bjy/FaceRecSys/thirdparty/opencv/build/CMakeFiles/CMakeTmp

Run Build Command:"/usr/bin/gmake" "cmTC_bf731/fast"
/usr/bin/gmake -f CMakeFiles/cmTC_bf731.dir/build.make CMakeFiles/cmTC_bf731.dir/build
gmake[1]: Entering directory `/home/bjy/FaceRecSys/thirdparty/opencv/build/CMakeFiles/CMakeTmp'
Building C object CMakeFiles/cmTC_bf731.dir/CheckIncludeFile.c.o
/usr/bin/cc    -fsigned-char -W -Wall -Werror=return-type -Werror=non-virtual-dtor -Werror=address -Werror=sequence-point -Wformat -Werror=format-security -Wmissing-declarations -Wmissing-prototypes -Wstrict-prototypes -Wundef -Winit-self -Wpointer-arith -Wuninitialized -Winit-self -Wno-comment -Wno-missing-field-initializers -fdiagnostics-show-option -Wno-long-long -pthread -fomit-frame-pointer -ffunction-sections -fdata-sections  -msse -msse2 -msse3 -fvisibility=hidden  -O3 -DNDEBUG -fPIE   -o CMakeFiles/cmTC_bf731.dir/CheckIncludeFile.c.o   -c /home/bjy/FaceRecSys/thirdparty/opencv/build/CMakeFiles/CMakeTmp/CheckIncludeFile.c
/home/bjy/FaceRecSys/thirdparty/opencv/build/CMakeFiles/CMakeTmp/CheckIncludeFile.c:1:25: fatal error: sys/videoio.h: No such file or directory
 #include <sys/videoio.h>
                         ^
compilation terminated.
gmake[1]: *** [CMakeFiles/cmTC_bf731.dir/CheckIncludeFile.c.o] Error 1
gmake[1]: Leaving directory `/home/bjy/FaceRecSys/thirdparty/opencv/build/CMakeFiles/CMakeTmp'
gmake: *** [cmTC_bf731/fast] Error 2


